[00:00:20] [Server thread/INFO]: <Black___cat> 要先默默
[00:02:09] [Server thread/INFO]: <Black___cat> NO
[00:09:46] [Server thread/INFO]: <Black___cat> 4
[00:10:46] [Server thread/INFO]: <Black___cat> 有用了
[00:10:50] [Server thread/INFO]: <Black___cat> @桶
[00:11:06] [Server thread/INFO]: <Black___cat> 醋可以做F水
[00:11:16] [Server thread/INFO]: <Black___cat> 可以Fu肉品
[00:11:23] [Server thread/INFO]: <Black___cat> 然後在用醋Zu
[00:11:30] [Server thread/INFO]: <Black___cat> 最後再L乾
[00:11:34] [Server thread/INFO]: <Black___cat> 可以放超九
[00:11:41] [Server thread/INFO]: <Black___cat> 煮熟就不行了
[00:11:45] [Server thread/INFO]: <Black___cat> 醋的盗恳膊
[00:11:58] [Server thread/INFO]: <Black___cat> ]水果了
[00:14:04] [Server thread/INFO]: <Black___cat> 4
[00:14:09] [Server thread/INFO]: <Black___cat> :O
[00:16:25] [Server thread/INFO]: <Black___cat> 骷t血很厚
[00:16:41] [Server thread/INFO]: <Black___cat> =ㄡㄌ=菜ㄐ
[00:18:05] [Server thread/INFO]: <Black___cat> 可以去砍游锪
[00:19:28] [Server thread/INFO]: <Black___cat> 
[00:20:10] [Server thread/INFO]: <Black___cat> 切掉腐
[00:20:27] [Server thread/INFO]: <Black___cat> 要有小刀才能切
[00:20:49] [Server thread/INFO]: <Black___cat> 只能做
[00:21:10] [Server thread/INFO]: <Black___cat> JC只能做A@
[00:21:18] [Server thread/INFO]: <Black___cat> f要提升料理技g
[00:28:43] [Server thread/INFO]: <Black___cat> A@
[00:29:47] [Server thread/INFO]: <Black___cat> 找a
[00:30:58] [User Authenticator #11/INFO]: UUID of player Emerald98787 is 3e43ed88-d529-4c7a-aae3-5cc8b63fd2d4
[00:30:58] [Server thread/INFO]: Emerald98787[/172.25.187.254:62196] logged in with entity id 4361355 at (10415.285673556173, 148.0, -8259.487283601944)
[00:30:58] [Server thread/INFO]: Emerald98787 joined the game
[00:33:40] [Server thread/INFO]: <Black___cat> ~本砭]很快
[00:33:49] [Server thread/INFO]: <Black___cat> 他只比石^高一等
[00:34:15] [Server thread/INFO]: <Black___cat> 都是Y物粒
[00:35:14] [Server thread/INFO]: <Black___cat> 忘了
[00:37:02] [Server thread/INFO]: <Black___cat> 我要去旅行了
[00:38:10] [Server thread/INFO]: [ExeRickAn: Data tag parsing failed: Unbalanced brackets: {foodWeight:36.8f,foodDecay:-20.5566f,tasteSourMod:-1,tasteSaltyMod:-5,tast]
[00:38:13] [Server thread/INFO]: [ExeRickAn: Given [Willow Log] * 15 to ExeRickAn]
[00:38:23] [Server thread/INFO]: [ExeRickAn: Data tag parsing failed: Unbalanced brackets: {foodWeight:37.3f,foodDecay:-20.1143f,tasteSourMod:-1,tasteSaltyMod:-5,tast]
[00:38:56] [Server thread/INFO]: [ExeRickAn: Given [Willow Log] * 5 to ExeRickAn]
[00:38:57] [Server thread/INFO]: <Black___cat> 4
[00:39:09] [Server thread/INFO]: <Black___cat> ㄡㄌ怎N一直y拿|西
[00:39:36] [Server thread/INFO]: [Emerald98787: Given [Bow] * 1 to Emerald98787]
[00:39:36] [Server thread/INFO]: [Emerald98787: Given [Bow] * 1 to Emerald98787]
[00:40:24] [Server thread/INFO]: <Black___cat> 我很久以前做的
[00:40:28] [Server thread/INFO]: <Black___cat> 然後一直用不到
[00:41:12] [Server thread/INFO]: <Black___cat> 就f只要蔚降谝徊ㄊ粘芍後 |西就吃不完了XD
[00:41:40] [Server thread/INFO]: <Black___cat> 987有找到yV}
[00:42:10] [Server thread/INFO]: <Black___cat> yV粒之的
[00:42:44] [Server thread/INFO]: <Black___cat> 大片皮
[00:44:22] [Server thread/INFO]: <Black___cat> 987有技什NV}的座
[00:44:31] [Server thread/INFO]: <Black___cat> 我F在只有~ 金 F的
[00:44:57] [Server thread/INFO]: <Black___cat> 要有\
[00:46:30] [Server thread/INFO]: <Black___cat> 有\了:O
[00:47:59] [Server thread/INFO]: <ExeRickAn> .
[00:48:45] [Server thread/WARN]: Can't keep up! Did the system time change, or is the server overloaded? Running 2034ms behind, skipping 40 tick(s)
[00:49:09] [Server thread/WARN]: Can't keep up! Did the system time change, or is the server overloaded? Running 2043ms behind, skipping 40 tick(s)
[00:49:14] [Server thread/INFO]: [ExeRickAn: Teleported ExeRickAn to Black___cat]
[00:49:26] [Server thread/INFO]: [ExeRickAn: Teleported ExeRickAn to Emerald98787]
[00:49:47] [Server thread/INFO]: <meowGV> .
[00:49:56] [Server thread/INFO]: [ExeRickAn: Teleported ExeRickAn to meowGV]
[00:50:34] [Server thread/INFO]: <Black___cat> 987可以M量臀艺沂墨
[00:50:53] [Server thread/INFO]: <Black___cat> 找地形就好 片岩 大理岩 片麻岩
[00:51:14] [Server thread/INFO]: <Black___cat> 84
[00:55:59] [Server thread/INFO]: [Emerald98787: Teleported Emerald98787 to meowGV]
[00:56:40] [Server thread/INFO]: <Black___cat> 我想直接推到青~器r代
[00:56:48] [Server thread/INFO]: <Black___cat> ㄌㄇ要臀彝阢~V
[01:00:51] [Server thread/INFO]: meowGV lost connection: TextComponent{text='Disconnected', siblings=[], style=Style{hasParent=false, color=null, bold=null, italic=null, underlined=null, obfuscated=null, clickEvent=null, hoverEvent=null}}
[01:00:51] [Server thread/INFO]: meowGV left the game
[01:00:54] [User Authenticator #12/INFO]: UUID of player meowGV is 03487347-f6c2-4369-a510-c12d9999fdeb
[01:00:55] [Server thread/INFO]: meowGV[/172.25.70.35:8342] logged in with entity id 5101970 at (10408.029228634148, 149.0, -8263.21863079127)
[01:00:55] [Server thread/INFO]: meowGV joined the game
[01:01:48] [Server thread/INFO]: meowGV lost connection: TextComponent{text='Disconnected', siblings=[], style=Style{hasParent=false, color=null, bold=null, italic=null, underlined=null, obfuscated=null, clickEvent=null, hoverEvent=null}}
[01:01:48] [Server thread/INFO]: meowGV left the game
[01:06:37] [Server thread/INFO]: <Black___cat> 他自己死掉
[01:06:50] [Server thread/INFO]: <Black___cat> 他上岸死掉
[01:08:16] [Server thread/INFO]: <Black___cat> 987硗诘VR
[01:09:17] [Server thread/INFO]: <Black___cat> 挖V
[01:09:29] [Server thread/INFO]: <Black___cat> 10859 132 -8273
[01:09:33] [Server thread/INFO]: <Black___cat> @附近
[01:09:38] [Server thread/INFO]: [Emerald98787: Teleported Emerald98787 to Black___cat]
[01:10:06] [Server thread/INFO]: <Black___cat> 你有稿
[01:10:23] [Server thread/INFO]: <Black___cat> 那你有原木+子
[01:10:47] [Server thread/INFO]: <Black___cat> 那我跟你v支沃的C制
[01:11:05] [Server thread/INFO]: <Black___cat> 先放筛直得
[01:11:14] [Server thread/INFO]: <Black___cat> 上面放M的
[01:11:28] [Server thread/INFO]: <Black___cat> 然後以M的橹行 9*9*1不垮
[01:11:59] [Server thread/INFO]: <Black___cat> 然後e挖^的
[01:12:08] [Server thread/INFO]: <Black___cat> 要挖也要先放木材
[01:12:17] [Server thread/INFO]: <Black___cat> 不然l生刺激的事
[01:12:57] [Server thread/INFO]: <Black___cat> @前面好像]了
[01:13:03] [Server thread/INFO]: <Black___cat> 木蘖勘愦罅
[01:13:14] [Server thread/INFO]: <Black___cat> 4
[01:13:37] [Server thread/INFO]: <Black___cat> 然後@^~骨完要走到下一
[01:14:19] [Server thread/INFO]: <Black___cat> 可以R
[01:14:29] [Server thread/INFO]: <Black___cat> 倪@~骨
[01:14:30] [Server thread/INFO]: <Black___cat> 8787
[01:15:59] [Server thread/INFO]: <Black___cat> :O
[01:16:22] [Server thread/INFO]: <Black___cat> 1c了耶
[01:16:29] [Server thread/INFO]: <Black___cat> 你要^m玩
[01:16:41] [Server thread/INFO]: <Black___cat> 那我服_著:O
[01:16:47] [Server thread/INFO]: <Black___cat> 我明天早八@A
[01:17:16] [Server thread/INFO]: <Black___cat> 87ㄡㄌ
[01:18:59] [Server thread/INFO]: <Black___cat> 
[01:19:06] [Server thread/INFO]: <Black___cat> 84吧
[01:20:57] [Server thread/INFO]: <Black___cat> 你@有先放支沃
[01:21:11] [Server thread/INFO]: <Black___cat> 因倪@格_始
[01:21:19] [Server thread/INFO]: <Black___cat> ]放就塌XD
[01:21:39] [Server thread/INFO]: <Black___cat> 我是隔3格放一次
[01:22:04] [Server thread/INFO]: <Black___cat> 4
[01:22:13] [Server thread/INFO]: <Black___cat> 大概@
[01:22:55] [User Authenticator #13/INFO]: UUID of player meowGV is 03487347-f6c2-4369-a510-c12d9999fdeb
[01:22:55] [Server thread/INFO]: meowGV[/172.25.70.35:8370] logged in with entity id 5698256 at (10412.388480341331, 148.0, -8260.943047588313)
[01:22:55] [Server thread/INFO]: meowGV joined the game
[01:23:13] [Server thread/INFO]: <Black___cat> ]
[01:26:20] [Server thread/INFO]: <Black___cat> :O
[01:26:32] [Server thread/INFO]: <Black___cat> 想ㄊㄐ
[01:28:59] [Server thread/INFO]: <Black___cat> e挖
[01:29:01] [Server thread/INFO]: <Black___cat> 塌
[01:33:42] [Server thread/INFO]: <Black___cat> 苦力怕炸出xGV
[01:33:45] [Server thread/INFO]: <Black___cat> :O
[01:34:44] [Server thread/INFO]: [Black___cat: Teleported Black___cat to 10406.5,149.5,-8260.5]
[01:35:20] [Server thread/INFO]: <Black___cat> 我先去渌了A@ 你]要玩就用斜stop指令
[01:35:31] [Server thread/INFO]: <Black___cat> 8888
[01:36:00] [Server thread/INFO]: Black___cat lost connection: TextComponent{text='Disconnected', siblings=[], style=Style{hasParent=false, color=null, bold=null, italic=null, underlined=null, obfuscated=null, clickEvent=null, hoverEvent=null}}
[01:36:00] [Server thread/INFO]: Black___cat left the game
[01:36:14] [Server thread/INFO]: ExeRickAn lost connection: TextComponent{text='Disconnected', siblings=[], style=Style{hasParent=false, color=null, bold=null, italic=null, underlined=null, obfuscated=null, clickEvent=null, hoverEvent=null}}
[01:36:14] [Server thread/INFO]: ExeRickAn left the game
[01:44:05] [Server thread/INFO]: [Server] ?
[01:44:21] [Server thread/INFO]: [Server] :O
[01:50:48] [Server thread/INFO]: [Server] 987上
[01:51:39] [Server thread/INFO]: [Server] 苦力怕炸出xGV
[01:52:15] [Server thread/INFO]: [Server] 接下碇灰找到石墨和 @模M通P就是rg}了A@
[01:52:38] [Server thread/INFO]: [Server] 木有K界
[01:52:55] [Server thread/INFO]: [Server] 地zT理上可以做出
[01:53:41] [Server thread/INFO]: [Server] 怕
[02:03:20] [User Authenticator #14/INFO]: UUID of player ExeRickAn is 5e182fb7-f5a5-4657-80e0-3035c893dd00
[02:03:20] [Server thread/INFO]: ExeRickAn[/172.25.61.210:2456] logged in with entity id 6642335 at (10406.417816106698, 146.0, -8272.567224739621)
[02:03:20] [Server thread/INFO]: ExeRickAn joined the game
[02:05:13] [Server thread/INFO]: meowGV lost connection: TextComponent{text='Disconnected', siblings=[], style=Style{hasParent=false, color=null, bold=null, italic=null, underlined=null, obfuscated=null, clickEvent=null, hoverEvent=null}}
[02:05:13] [Server thread/INFO]: meowGV left the game
[02:24:09] [Server thread/INFO]: [Server] 987要肝很久
[02:24:47] [Server thread/INFO]: [Server] 那我P服 便浞菟欧器
[02:25:38] [Server thread/INFO]: [Server] 跤
[02:25:59] [Server thread/INFO]: [Server] 我P 然後987可以去bgithub
[02:26:14] [Server thread/INFO]: [Server] 我等等把伺服器G到那上面
[02:26:29] [Server thread/INFO]: [Server] 可以放程式a的|西 不^我把它端用
[02:26:45] [Server thread/INFO]: [Server] n案小的可以
[02:27:13] [Server thread/INFO]: [Server] 因檫@涌梢悦人想玩就下d 玩完就上
[02:27:16] [Server thread/INFO]: [Server] 很方便
[02:27:29] [Server thread/INFO]: [Server] 我P
[02:27:34] [Server thread/INFO]: Stopping the server
[02:27:34] [Server thread/INFO]: Stopping server
[02:27:34] [Server thread/INFO]: Saving players
[02:27:34] [Server thread/INFO]: Saving worlds
[02:27:34] [Server thread/INFO]: Saving chunks for level 'world'/DEFAULT
[02:27:34] [Server thread/INFO]: Saving chunks for level 'world'/Nether
[02:27:34] [Server thread/INFO]: Saving chunks for level 'world'/DEFAULT
