2019/10/6 下午 2:54;RIGHT_CLICK_BLOCK;Black___cat;DIM:0;1114;92;184;|;111;9;18
2019/10/6 下午 2:54;RIGHT_CLICK_BLOCK;Black___cat;DIM:0;1116;91;183;|;111;9;18
2019/10/6 下午 2:55;RIGHT_CLICK_BLOCK;Black___cat;DIM:0;1108;94;183;|;110;9;18
2019/10/6 下午 2:55;LEFT_CLICK_BLOCK;Black___cat;DIM:0;1103;93;184;|;110;9;18
2019/10/6 下午 2:55;HARVEST_BLOCK;Black___cat;DIM:0;1103;93;184;|;110;9;18
2019/10/6 下午 2:55;LEFT_CLICK_BLOCK;Black___cat;DIM:0;1103;94;184;|;110;9;18
2019/10/6 下午 2:55;HARVEST_BLOCK;Black___cat;DIM:0;1103;94;184;|;110;9;18
2019/10/6 下午 2:55;LEFT_CLICK_BLOCK;Black___cat;DIM:0;1103;95;184;|;110;9;18
2019/10/6 下午 2:55;HARVEST_BLOCK;Black___cat;DIM:0;1103;95;184;|;110;9;18
2019/10/6 下午 2:55;LEFT_CLICK_BLOCK;Black___cat;DIM:0;1103;96;184;|;110;9;18
2019/10/6 下午 2:55;HARVEST_BLOCK;Black___cat;DIM:0;1103;96;184;|;110;9;18
2019/10/6 下午 2:55;LEFT_CLICK_BLOCK;Black___cat;DIM:0;1103;97;184;|;110;9;18
2019/10/6 下午 2:55;HARVEST_BLOCK;Black___cat;DIM:0;1103;97;184;|;110;9;18
2019/10/6 下午 2:55;LEFT_CLICK_BLOCK;Black___cat;DIM:0;1103;98;184;|;110;9;18
2019/10/6 下午 2:55;HARVEST_BLOCK;Black___cat;DIM:0;1103;98;184;|;110;9;18
2019/10/6 下午 2:55;LEFT_CLICK_BLOCK;Black___cat;DIM:0;1103;99;184;|;110;9;18
2019/10/6 下午 2:55;LEFT_CLICK_BLOCK;Black___cat;DIM:0;1103;92;184;|;110;9;18
2019/10/6 下午 2:55;HARVEST_BLOCK;Black___cat;DIM:0;1103;92;184;|;110;9;18
2019/10/6 下午 2:55;LEFT_CLICK_BLOCK;Black___cat;DIM:0;1103;91;184;|;110;9;18
2019/10/6 下午 2:55;RIGHT_CLICK_BLOCK;Black___cat;DIM:0;1103;91;184;|;110;9;18
2019/10/6 下午 2:55;RIGHT_CLICK_BLOCK;Black___cat;DIM:0;1106;92;187;|;110;9;18
2019/10/6 下午 2:55;RIGHT_CLICK_BLOCK;Black___cat;DIM:0;1113;88;192;|;111;8;19
2019/10/6 下午 2:55;RIGHT_CLICK_BLOCK;Black___cat;DIM:0;1114;89;192;|;111;8;19
2019/10/6 下午 2:55;RIGHT_CLICK_BLOCK;Black___cat;DIM:0;1121;88;194;|;112;8;19
2019/10/6 下午 2:55;RIGHT_CLICK_BLOCK;Black___cat;DIM:0;1121;89;194;|;112;8;19
2019/10/6 下午 2:55;RIGHT_CLICK_BLOCK;Black___cat;DIM:0;1119;90;188;|;111;9;18
2019/10/6 下午 2:55;RIGHT_CLICK_BLOCK;Black___cat;DIM:0;1119;90;189;|;111;9;18
2019/10/6 下午 2:55;RIGHT_CLICK_BLOCK;Black___cat;DIM:0;1119;91;189;|;111;9;18
2019/10/6 下午 2:57;LEFT_CLICK_BLOCK;Black___cat;DIM:0;1127;88;195;|;112;8;19
2019/10/6 下午 2:57;LEFT_CLICK_BLOCK;Black___cat;DIM:0;1127;87;195;|;112;8;19
2019/10/6 下午 2:57;HARVEST_BLOCK;Black___cat;DIM:0;1127;88;195;|;112;8;19
2019/10/6 下午 2:57;HARVEST_BLOCK;Black___cat;DIM:0;1127;89;195;|;112;8;19
2019/10/6 下午 2:57;HARVEST_BLOCK;Black___cat;DIM:0;1127;90;195;|;112;9;19
2019/10/6 下午 2:57;HARVEST_BLOCK;Black___cat;DIM:0;1127;91;195;|;112;9;19
2019/10/6 下午 2:57;HARVEST_BLOCK;Black___cat;DIM:0;1127;92;195;|;112;9;19
2019/10/6 下午 2:57;HARVEST_BLOCK;Black___cat;DIM:0;1127;93;195;|;112;9;19
2019/10/6 下午 2:57;HARVEST_BLOCK;Black___cat;DIM:0;1127;87;195;|;112;8;19
2019/10/6 下午 2:57;LEFT_CLICK_BLOCK;Black___cat;DIM:0;1127;86;195;|;112;8;19
2019/10/6 下午 2:58;LEFT_CLICK_BLOCK;Black___cat;DIM:0;1123;89;194;|;112;8;19
2019/10/6 下午 2:58;HARVEST_BLOCK;Black___cat;DIM:0;1123;90;194;|;112;9;19
2019/10/6 下午 2:58;HARVEST_BLOCK;Black___cat;DIM:0;1123;91;194;|;112;9;19
2019/10/6 下午 2:58;HARVEST_BLOCK;Black___cat;DIM:0;1123;92;194;|;112;9;19
2019/10/6 下午 2:58;HARVEST_BLOCK;Black___cat;DIM:0;1123;93;194;|;112;9;19
2019/10/6 下午 2:58;HARVEST_BLOCK;Black___cat;DIM:0;1123;94;194;|;112;9;19
2019/10/6 下午 2:58;HARVEST_BLOCK;Black___cat;DIM:0;1123;89;194;|;112;8;19
2019/10/6 下午 2:58;RIGHT_CLICK_BLOCK;Black___cat;DIM:0;1123;88;195;|;112;8;19
2019/10/6 下午 2:58;RIGHT_CLICK_BLOCK;Black___cat;DIM:0;1125;89;189;|;112;8;18
2019/10/6 下午 2:58;LEFT_CLICK_BLOCK;Black___cat;DIM:0;1125;89;189;|;112;8;18
2019/10/6 下午 2:58;HARVEST_BLOCK;Black___cat;DIM:0;1125;89;189;|;112;8;18
2019/10/6 下午 2:58;LEFT_CLICK_BLOCK;Black___cat;DIM:0;1125;88;189;|;112;8;18
2019/10/6 下午 2:58;RIGHT_CLICK_BLOCK;Black___cat;DIM:0;1125;88;189;|;112;8;18
2019/10/6 下午 2:58;LEFT_CLICK_BLOCK;Black___cat;DIM:0;1125;88;189;|;112;8;18
2019/10/6 下午 2:58;HARVEST_BLOCK;Black___cat;DIM:0;1125;88;189;|;112;8;18
2019/10/6 下午 2:58;LEFT_CLICK_BLOCK;Black___cat;DIM:0;1125;90;189;|;112;9;18
2019/10/6 下午 2:59;HARVEST_BLOCK;Black___cat;DIM:0;1125;91;189;|;112;9;18
2019/10/6 下午 2:59;HARVEST_BLOCK;Black___cat;DIM:0;1125;92;189;|;112;9;18
2019/10/6 下午 2:59;HARVEST_BLOCK;Black___cat;DIM:0;1125;93;189;|;112;9;18
2019/10/6 下午 2:59;HARVEST_BLOCK;Black___cat;DIM:0;1125;94;189;|;112;9;18
2019/10/6 下午 2:59;HARVEST_BLOCK;Black___cat;DIM:0;1125;90;189;|;112;9;18
2019/10/6 下午 2:59;RIGHT_CLICK_BLOCK;Black___cat;DIM:0;1122;88;193;|;112;8;19
2019/10/6 下午 2:59;RIGHT_CLICK_BLOCK;Black___cat;DIM:0;1122;89;193;|;112;8;19
2019/10/6 下午 2:59;RIGHT_CLICK_BLOCK;Black___cat;DIM:0;1124;85;202;|;112;8;20
2019/10/6 下午 2:59;RIGHT_CLICK_BLOCK;Black___cat;DIM:0;1123;84;204;|;112;8;20
2019/10/6 下午 2:59;RIGHT_CLICK_BLOCK;Black___cat;DIM:0;1122;84;205;|;112;8;20
2019/10/6 下午 2:59;RIGHT_CLICK_BLOCK;Black___cat;DIM:0;1123;84;204;|;112;8;20
2019/10/6 下午 2:59;RIGHT_CLICK_BLOCK;Black___cat;DIM:0;1123;85;204;|;112;8;20
2019/10/6 下午 2:59;RIGHT_CLICK_BLOCK;Black___cat;DIM:0;1122;90;190;|;112;9;19
2019/10/6 下午 2:59;LEFT_CLICK_BLOCK;Black___cat;DIM:0;1122;90;190;|;112;9;19
2019/10/6 下午 2:59;HARVEST_BLOCK;Black___cat;DIM:0;1122;90;190;|;112;9;19
2019/10/6 下午 2:59;RIGHT_CLICK_BLOCK;Black___cat;DIM:0;1122;91;190;|;112;9;19
2019/10/6 下午 2:59;LEFT_CLICK_BLOCK;Black___cat;DIM:0;1122;91;190;|;112;9;19
2019/10/6 下午 2:59;HARVEST_BLOCK;Black___cat;DIM:0;1122;91;190;|;112;9;19
2019/10/6 下午 2:59;RIGHT_CLICK_BLOCK;Black___cat;DIM:0;1122;92;190;|;112;9;19
2019/10/6 下午 2:59;LEFT_CLICK_BLOCK;Black___cat;DIM:0;1122;92;190;|;112;9;19
2019/10/6 下午 2:59;HARVEST_BLOCK;Black___cat;DIM:0;1122;92;190;|;112;9;19
2019/10/6 下午 2:59;RIGHT_CLICK_BLOCK;Black___cat;DIM:0;1122;93;190;|;112;9;19
2019/10/6 下午 2:59;LEFT_CLICK_BLOCK;Black___cat;DIM:0;1122;93;190;|;112;9;19
2019/10/6 下午 2:59;HARVEST_BLOCK;Black___cat;DIM:0;1122;93;190;|;112;9;19
2019/10/6 下午 2:59;LEFT_CLICK_BLOCK;Black___cat;DIM:0;1122;94;190;|;112;9;19
2019/10/6 下午 2:59;RIGHT_CLICK_BLOCK;Black___cat;DIM:0;1122;89;193;|;112;8;19
2019/10/6 下午 2:59;LEFT_CLICK_BLOCK;Black___cat;DIM:0;1106;92;188;|;110;9;18
2019/10/6 下午 2:59;HARVEST_BLOCK;Black___cat;DIM:0;1106;92;188;|;110;9;18
2019/10/6 下午 2:59;LEFT_CLICK_BLOCK;Black___cat;DIM:0;1106;91;188;|;110;9;18
2019/10/6 下午 2:59;LEFT_CLICK_BLOCK;Black___cat;DIM:0;1106;93;185;|;110;9;18
2019/10/6 下午 2:59;HARVEST_BLOCK;Black___cat;DIM:0;1106;93;185;|;110;9;18
2019/10/6 下午 2:59;LEFT_CLICK_BLOCK;Black___cat;DIM:0;1106;92;185;|;110;9;18
2019/10/6 下午 2:59;LEFT_CLICK_BLOCK;Black___cat;DIM:0;1105;93;185;|;110;9;18
2019/10/6 下午 2:59;HARVEST_BLOCK;Black___cat;DIM:0;1105;93;185;|;110;9;18
2019/10/6 下午 2:59;LEFT_CLICK_BLOCK;Black___cat;DIM:0;1105;92;185;|;110;9;18
2019/10/6 下午 2:59;LEFT_CLICK_BLOCK;Black___cat;DIM:0;1104;92;184;|;110;9;18
2019/10/6 下午 2:59;LEFT_CLICK_BLOCK;Black___cat;DIM:0;1104;93;183;|;110;9;18
2019/10/6 下午 2:59;HARVEST_BLOCK;Black___cat;DIM:0;1104;93;183;|;110;9;18
2019/10/6 下午 2:59;LEFT_CLICK_BLOCK;Black___cat;DIM:0;1104;92;183;|;110;9;18
2019/10/6 下午 2:59;LEFT_CLICK_BLOCK;Black___cat;DIM:0;1103;93;183;|;110;9;18
2019/10/6 下午 2:59;HARVEST_BLOCK;Black___cat;DIM:0;1103;93;183;|;110;9;18
2019/10/6 下午 2:59;LEFT_CLICK_BLOCK;Black___cat;DIM:0;1103;92;183;|;110;9;18
2019/10/6 下午 2:59;LEFT_CLICK_BLOCK;Black___cat;DIM:0;1102;92;183;|;110;9;18
2019/10/6 下午 2:59;HARVEST_BLOCK;Black___cat;DIM:0;1102;92;183;|;110;9;18
2019/10/6 下午 2:59;LEFT_CLICK_BLOCK;Black___cat;DIM:0;1101;92;183;|;110;9;18
2019/10/6 下午 2:59;HARVEST_BLOCK;Black___cat;DIM:0;1101;92;183;|;110;9;18
2019/10/6 下午 3:00;LEFT_CLICK_BLOCK;Black___cat;DIM:0;1094;86;196;|;109;8;19
2019/10/6 下午 3:00;HARVEST_BLOCK;Black___cat;DIM:0;1094;86;196;|;109;8;19
2019/10/6 下午 3:00;LEFT_CLICK_BLOCK;Black___cat;DIM:0;1094;85;196;|;109;8;19
2019/10/6 下午 3:00;RIGHT_CLICK_BLOCK;Black___cat;DIM:0;1095;84;200;|;109;8;20
2019/10/6 下午 3:00;RIGHT_CLICK_BLOCK;Black___cat;DIM:0;1095;85;200;|;109;8;20
2019/10/6 下午 3:00;RIGHT_CLICK_BLOCK;Black___cat;DIM:0;1100;80;202;|;110;8;20
2019/10/6 下午 3:00;RIGHT_CLICK_BLOCK;Black___cat;DIM:0;1100;73;208;|;110;7;20
2019/10/6 下午 3:00;RIGHT_CLICK_BLOCK;Black___cat;DIM:0;1097;84;201;|;109;8;20
2019/10/6 下午 3:00;LEFT_CLICK_BLOCK;Black___cat;DIM:0;1101;91;189;|;110;9;18
2019/10/6 下午 3:00;HARVEST_BLOCK;Black___cat;DIM:0;1101;91;189;|;110;9;18
2019/10/6 下午 3:00;RIGHT_CLICK_BLOCK;Black___cat;DIM:0;1104;84;165;|;110;8;16
2019/10/6 下午 3:00;RIGHT_CLICK_BLOCK;Black___cat;DIM:0;1104;85;165;|;110;8;16
2019/10/6 下午 3:00;RIGHT_CLICK_BLOCK;Black___cat;DIM:0;1103;85;163;|;110;8;16
2019/10/6 下午 3:00;RIGHT_CLICK_BLOCK;Black___cat;DIM:0;1102;84;162;|;110;8;16
2019/10/6 下午 3:00;RIGHT_CLICK_BLOCK;Black___cat;DIM:0;1102;85;162;|;110;8;16
2019/10/6 下午 3:00;LEFT_CLICK_BLOCK;Black___cat;DIM:0;1112;84;160;|;111;8;16
2019/10/6 下午 3:00;HARVEST_BLOCK;Black___cat;DIM:0;1112;84;160;|;111;8;16
2019/10/6 下午 3:00;RIGHT_CLICK_BLOCK;Black___cat;DIM:0;1116;84;160;|;111;8;16
2019/10/6 下午 3:00;RIGHT_CLICK_BLOCK;Black___cat;DIM:0;1115;82;169;|;111;8;16
2019/10/6 下午 3:00;RIGHT_CLICK_BLOCK;Black___cat;DIM:0;1115;83;170;|;111;8;17
2019/10/6 下午 3:00;RIGHT_CLICK_BLOCK;Black___cat;DIM:0;1115;83;171;|;111;8;17
2019/10/6 下午 3:00;LEFT_CLICK_BLOCK;Black___cat;DIM:0;1111;86;170;|;111;8;17
2019/10/6 下午 3:00;HARVEST_BLOCK;Black___cat;DIM:0;1111;86;170;|;111;8;17
2019/10/6 下午 3:00;LEFT_CLICK_BLOCK;Black___cat;DIM:0;1110;86;170;|;111;8;17
2019/10/6 下午 3:00;HARVEST_BLOCK;Black___cat;DIM:0;1110;86;170;|;111;8;17
2019/10/6 下午 3:00;LEFT_CLICK_BLOCK;Black___cat;DIM:0;1109;86;171;|;110;8;17
2019/10/6 下午 3:00;RIGHT_CLICK_BLOCK;Black___cat;DIM:0;1106;85;169;|;110;8;16
2019/10/6 下午 3:00;RIGHT_CLICK_BLOCK;Black___cat;DIM:0;1107;85;169;|;110;8;16
2019/10/6 下午 3:00;RIGHT_CLICK_BLOCK;Black___cat;DIM:0;1107;86;169;|;110;8;16
2019/10/6 下午 3:00;RIGHT_CLICK_BLOCK;Black___cat;DIM:0;1107;85;169;|;110;8;16
2019/10/6 下午 3:01;RIGHT_CLICK_BLOCK;Black___cat;DIM:0;1108;86;170;|;110;8;17
2019/10/6 下午 3:01;RIGHT_CLICK_BLOCK;Black___cat;DIM:0;1122;89;193;|;112;8;19
2019/10/6 下午 3:01;LEFT_CLICK_BLOCK;Black___cat;DIM:0;1122;89;193;|;112;8;19
2019/10/6 下午 3:01;RIGHT_CLICK_BLOCK;Black___cat;DIM:0;1122;89;193;|;112;8;19
2019/10/6 下午 3:01;LEFT_CLICK_BLOCK;Black___cat;DIM:0;1122;89;193;|;112;8;19
2019/10/6 下午 3:01;HARVEST_BLOCK;Black___cat;DIM:0;1122;89;193;|;112;8;19
2019/10/6 下午 3:02;RIGHT_CLICK_BLOCK;Black___cat;DIM:0;1133;78;197;|;113;7;19
2019/10/6 下午 3:02;RIGHT_CLICK_BLOCK;Black___cat;DIM:0;1133;79;197;|;113;7;19
2019/10/6 下午 3:02;RIGHT_CLICK_BLOCK;Black___cat;DIM:0;1132;79;201;|;113;7;20
2019/10/6 下午 3:02;LEFT_CLICK_BLOCK;Black___cat;DIM:0;1132;79;201;|;113;7;20
2019/10/6 下午 3:02;RIGHT_CLICK_BLOCK;Black___cat;DIM:0;1132;79;201;|;113;7;20
2019/10/6 下午 3:02;RIGHT_CLICK_BLOCK;Black___cat;DIM:0;1133;78;201;|;113;7;20
2019/10/6 下午 3:02;LEFT_CLICK_BLOCK;Black___cat;DIM:0;1133;78;201;|;113;7;20
2019/10/6 下午 3:02;HARVEST_BLOCK;Black___cat;DIM:0;1133;78;201;|;113;7;20
2019/10/6 下午 3:02;LEFT_CLICK_BLOCK;Black___cat;DIM:0;1132;78;201;|;113;7;20
2019/10/6 下午 3:02;LEFT_CLICK_BLOCK;Black___cat;DIM:0;1132;79;201;|;113;7;20
2019/10/6 下午 3:02;HARVEST_BLOCK;Black___cat;DIM:0;1132;79;201;|;113;7;20
2019/10/6 下午 3:02;LEFT_CLICK_BLOCK;Black___cat;DIM:0;1132;78;201;|;113;7;20
2019/10/6 下午 3:02;HARVEST_BLOCK;Black___cat;DIM:0;1132;78;201;|;113;7;20
2019/10/6 下午 3:02;LEFT_CLICK_BLOCK;Black___cat;DIM:0;1132;78;202;|;113;7;20
2019/10/6 下午 3:02;LEFT_CLICK_BLOCK;Black___cat;DIM:0;1132;77;202;|;113;7;20
2019/10/6 下午 3:02;LEFT_CLICK_BLOCK;Black___cat;DIM:0;1132;77;201;|;113;7;20
2019/10/6 下午 3:02;LEFT_CLICK_BLOCK;Black___cat;DIM:0;1132;78;202;|;113;7;20
2019/10/6 下午 3:02;HARVEST_BLOCK;Black___cat;DIM:0;1132;78;202;|;113;7;20
2019/10/6 下午 3:02;RIGHT_CLICK_BLOCK;Black___cat;DIM:0;1141;75;197;|;114;7;19
2019/10/6 下午 3:02;RIGHT_CLICK_BLOCK;Black___cat;DIM:0;1141;76;197;|;114;7;19
2019/10/6 下午 3:02;RIGHT_CLICK_BLOCK;Black___cat;DIM:0;1146;74;198;|;114;7;19
2019/10/6 下午 3:02;RIGHT_CLICK_BLOCK;Black___cat;DIM:0;1146;75;198;|;114;7;19
2019/10/6 下午 3:02;RIGHT_CLICK_BLOCK;Black___cat;DIM:0;1148;74;198;|;114;7;19
2019/10/6 下午 3:02;RIGHT_CLICK_BLOCK;Black___cat;DIM:0;1149;74;198;|;114;7;19
2019/10/6 下午 3:02;RIGHT_CLICK_BLOCK;Black___cat;DIM:0;1148;75;198;|;114;7;19
2019/10/6 下午 3:02;RIGHT_CLICK_BLOCK;Black___cat;DIM:0;1147;75;196;|;114;7;19
2019/10/6 下午 3:02;LEFT_CLICK_BLOCK;Black___cat;DIM:0;1150;77;194;|;115;7;19
2019/10/6 下午 3:02;RIGHT_CLICK_BLOCK;Black___cat;DIM:0;1150;75;192;|;115;7;19
2019/10/6 下午 3:02;RIGHT_CLICK_BLOCK;Black___cat;DIM:0;1150;76;192;|;115;7;19
2019/10/6 下午 3:02;RIGHT_CLICK_BLOCK;Black___cat;DIM:0;1149;75;187;|;114;7;18
2019/10/6 下午 3:02;RIGHT_CLICK_BLOCK;Black___cat;DIM:0;1149;75;188;|;114;7;18
2019/10/6 下午 3:02;RIGHT_CLICK_BLOCK;Black___cat;DIM:0;1149;75;187;|;114;7;18
2019/10/6 下午 3:02;RIGHT_CLICK_BLOCK;Black___cat;DIM:0;1149;75;188;|;114;7;18
2019/10/6 下午 3:02;RIGHT_CLICK_BLOCK;Black___cat;DIM:0;1149;76;187;|;114;7;18
2019/10/6 下午 3:02;RIGHT_CLICK_BLOCK;Black___cat;DIM:0;1155;75;187;|;115;7;18
2019/10/6 下午 3:02;RIGHT_CLICK_BLOCK;Black___cat;DIM:0;1155;76;187;|;115;7;18
2019/10/6 下午 3:02;RIGHT_CLICK_BLOCK;Black___cat;DIM:0;1155;74;186;|;115;7;18
2019/10/6 下午 3:02;RIGHT_CLICK_BLOCK;Black___cat;DIM:0;1155;75;186;|;115;7;18
2019/10/6 下午 3:02;RIGHT_CLICK_BLOCK;Black___cat;DIM:0;1159;75;186;|;115;7;18
2019/10/6 下午 3:02;RIGHT_CLICK_BLOCK;Black___cat;DIM:0;1160;74;185;|;116;7;18
2019/10/6 下午 3:02;RIGHT_CLICK_BLOCK;Black___cat;DIM:0;1160;75;185;|;116;7;18
2019/10/6 下午 3:02;RIGHT_CLICK_BLOCK;Black___cat;DIM:0;1160;74;183;|;116;7;18
2019/10/6 下午 3:02;RIGHT_CLICK_BLOCK;Black___cat;DIM:0;1160;74;182;|;116;7;18
2019/10/6 下午 3:02;RIGHT_CLICK_BLOCK;Black___cat;DIM:0;1160;75;183;|;116;7;18
2019/10/6 下午 3:02;RIGHT_CLICK_BLOCK;Black___cat;DIM:0;1159;75;189;|;115;7;18
2019/10/6 下午 3:02;RIGHT_CLICK_BLOCK;Black___cat;DIM:0;1159;76;189;|;115;7;18
2019/10/6 下午 3:03;RIGHT_CLICK_BLOCK;Black___cat;DIM:0;1161;74;189;|;116;7;18
2019/10/6 下午 3:03;RIGHT_CLICK_BLOCK;Black___cat;DIM:0;1161;75;189;|;116;7;18
2019/10/6 下午 3:03;RIGHT_CLICK_BLOCK;Black___cat;DIM:0;1150;76;192;|;115;7;19
2019/10/6 下午 3:03;RIGHT_CLICK_BLOCK;Black___cat;DIM:0;1150;76;194;|;115;7;19
2019/10/6 下午 3:03;RIGHT_CLICK_BLOCK;Black___cat;DIM:0;1150;77;194;|;115;7;19
2019/10/6 下午 3:03;RIGHT_CLICK_BLOCK;Black___cat;DIM:0;1150;75;194;|;115;7;19
2019/10/6 下午 3:03;RIGHT_CLICK_BLOCK;Black___cat;DIM:0;1150;75;195;|;115;7;19
2019/10/6 下午 3:03;RIGHT_CLICK_BLOCK;Black___cat;DIM:0;1150;74;194;|;115;7;19
2019/10/6 下午 3:03;LEFT_CLICK_BLOCK;Black___cat;DIM:0;1150;76;192;|;115;7;19
2019/10/6 下午 3:03;HARVEST_BLOCK;Black___cat;DIM:0;1150;76;192;|;115;7;19
2019/10/6 下午 3:03;LEFT_CLICK_BLOCK;Black___cat;DIM:0;1149;76;191;|;114;7;19
2019/10/6 下午 3:03;HARVEST_BLOCK;Black___cat;DIM:0;1149;76;191;|;114;7;19
2019/10/6 下午 3:03;RIGHT_CLICK_BLOCK;Black___cat;DIM:0;1146;77;191;|;114;7;19
2019/10/6 下午 3:03;RIGHT_CLICK_BLOCK;Black___cat;DIM:0;1148;76;195;|;114;7;19
2019/10/6 下午 3:03;LEFT_CLICK_BLOCK;Black___cat;DIM:0;1148;76;195;|;114;7;19
2019/10/6 下午 3:03;HARVEST_BLOCK;Black___cat;DIM:0;1148;76;195;|;114;7;19
2019/10/6 下午 3:03;RIGHT_CLICK_BLOCK;Black___cat;DIM:0;1148;77;195;|;114;7;19
2019/10/6 下午 3:03;LEFT_CLICK_BLOCK;Black___cat;DIM:0;1148;77;195;|;114;7;19
2019/10/6 下午 3:03;HARVEST_BLOCK;Black___cat;DIM:0;1148;77;195;|;114;7;19
2019/10/6 下午 3:03;RIGHT_CLICK_BLOCK;Black___cat;DIM:0;1148;78;195;|;114;7;19
2019/10/6 下午 3:03;LEFT_CLICK_BLOCK;Black___cat;DIM:0;1148;78;195;|;114;7;19
2019/10/6 下午 3:03;HARVEST_BLOCK;Black___cat;DIM:0;1148;78;195;|;114;7;19
2019/10/6 下午 3:03;RIGHT_CLICK_BLOCK;Black___cat;DIM:0;1148;79;195;|;114;7;19
2019/10/6 下午 3:03;LEFT_CLICK_BLOCK;Black___cat;DIM:0;1148;79;195;|;114;7;19
2019/10/6 下午 3:03;HARVEST_BLOCK;Black___cat;DIM:0;1148;79;195;|;114;7;19
2019/10/6 下午 3:03;RIGHT_CLICK_BLOCK;Black___cat;DIM:0;1148;80;195;|;114;8;19
2019/10/6 下午 3:03;LEFT_CLICK_BLOCK;Black___cat;DIM:0;1148;80;195;|;114;8;19
2019/10/6 下午 3:03;HARVEST_BLOCK;Black___cat;DIM:0;1148;80;195;|;114;8;19
2019/10/6 下午 3:03;LEFT_CLICK_BLOCK;Black___cat;DIM:0;1148;81;195;|;114;8;19
2019/10/6 下午 3:03;RIGHT_CLICK_BLOCK;Black___cat;DIM:0;1141;76;204;|;114;7;20
2019/10/6 下午 3:03;RIGHT_CLICK_BLOCK;Black___cat;DIM:0;1141;74;204;|;114;7;20
2019/10/6 下午 3:03;RIGHT_CLICK_BLOCK;Black___cat;DIM:0;1141;74;204;|;114;7;20
2019/10/6 下午 3:03;RIGHT_CLICK_BLOCK;Black___cat;DIM:0;1141;74;205;|;114;7;20
2019/10/6 下午 3:03;RIGHT_CLICK_BLOCK;Black___cat;DIM:0;1142;67;217;|;114;6;21
2019/10/6 下午 3:03;RIGHT_CLICK_BLOCK;Black___cat;DIM:0;1142;68;217;|;114;6;21
2019/10/6 下午 3:04;RIGHT_CLICK_BLOCK;Black___cat;DIM:0;1142;67;224;|;114;6;22
2019/10/6 下午 3:04;RIGHT_CLICK_BLOCK;Black___cat;DIM:0;1142;66;222;|;114;6;22
2019/10/6 下午 3:04;RIGHT_CLICK_BLOCK;Black___cat;DIM:0;1142;67;222;|;114;6;22
2019/10/6 下午 3:04;RIGHT_CLICK_BLOCK;Black___cat;DIM:0;1144;68;224;|;114;6;22
2019/10/6 下午 3:04;RIGHT_CLICK_BLOCK;Black___cat;DIM:0;1144;69;230;|;114;6;23
2019/10/6 下午 3:04;RIGHT_CLICK_BLOCK;Black___cat;DIM:0;1144;69;229;|;114;6;22
2019/10/6 下午 3:04;RIGHT_CLICK_BLOCK;Black___cat;DIM:0;1144;70;229;|;114;7;22
2019/10/6 下午 3:04;RIGHT_CLICK_BLOCK;Black___cat;DIM:0;1144;69;230;|;114;6;23
2019/10/6 下午 3:04;RIGHT_CLICK_BLOCK;Black___cat;DIM:0;1144;70;230;|;114;7;23
2019/10/6 下午 3:04;RIGHT_CLICK_BLOCK;Black___cat;DIM:0;1145;70;230;|;114;7;23
2019/10/6 下午 3:04;LEFT_CLICK_BLOCK;Black___cat;DIM:0;1145;70;230;|;114;7;23
2019/10/6 下午 3:04;LEFT_CLICK_BLOCK;Black___cat;DIM:0;1145;70;231;|;114;7;23
2019/10/6 下午 3:04;LEFT_CLICK_BLOCK;Black___cat;DIM:0;1145;70;230;|;114;7;23
2019/10/6 下午 3:04;HARVEST_BLOCK;Black___cat;DIM:0;1145;70;230;|;114;7;23
2019/10/6 下午 3:04;LEFT_CLICK_BLOCK;Black___cat;DIM:0;1145;70;231;|;114;7;23
2019/10/6 下午 3:04;HARVEST_BLOCK;Black___cat;DIM:0;1145;70;231;|;114;7;23
2019/10/6 下午 3:04;LEFT_CLICK_BLOCK;Black___cat;DIM:0;1145;70;232;|;114;7;23
2019/10/6 下午 3:04;LEFT_CLICK_BLOCK;Black___cat;DIM:0;1145;71;231;|;114;7;23
2019/10/6 下午 3:04;HARVEST_BLOCK;Black___cat;DIM:0;1145;71;231;|;114;7;23
2019/10/6 下午 3:04;LEFT_CLICK_BLOCK;Black___cat;DIM:0;1146;70;231;|;114;7;23
2019/10/6 下午 3:04;HARVEST_BLOCK;Black___cat;DIM:0;1146;70;231;|;114;7;23
2019/10/6 下午 3:04;LEFT_CLICK_BLOCK;Black___cat;DIM:0;1145;70;232;|;114;7;23
2019/10/6 下午 3:04;HARVEST_BLOCK;Black___cat;DIM:0;1145;70;232;|;114;7;23
2019/10/6 下午 3:04;RIGHT_CLICK_BLOCK;Black___cat;DIM:0;1136;72;237;|;113;7;23
2019/10/6 下午 3:04;RIGHT_CLICK_BLOCK;Black___cat;DIM:0;1136;71;237;|;113;7;23
2019/10/6 下午 3:04;LEFT_CLICK_BLOCK;Black___cat;DIM:0;1132;74;245;|;113;7;24
2019/10/6 下午 3:04;LEFT_CLICK_BLOCK;Black___cat;DIM:0;1132;74;244;|;113;7;24
2019/10/6 下午 3:04;HARVEST_BLOCK;Black___cat;DIM:0;1132;74;244;|;113;7;24
2019/10/6 下午 3:04;LEFT_CLICK_BLOCK;Black___cat;DIM:0;1132;73;244;|;113;7;24
2019/10/6 下午 3:04;LEFT_CLICK_BLOCK;Black___cat;DIM:0;1129;75;244;|;112;7;24
2019/10/6 下午 3:04;HARVEST_BLOCK;Black___cat;DIM:0;1129;75;244;|;112;7;24
2019/10/6 下午 3:04;LEFT_CLICK_BLOCK;Black___cat;DIM:0;1128;74;244;|;112;7;24
2019/10/6 下午 3:04;RIGHT_CLICK_BLOCK;Black___cat;DIM:0;1128;74;243;|;112;7;24
2019/10/6 下午 3:04;RIGHT_CLICK_BLOCK;Black___cat;DIM:0;1128;75;243;|;112;7;24
2019/10/6 下午 3:04;RIGHT_CLICK_BLOCK;Black___cat;DIM:0;1135;75;245;|;113;7;24
2019/10/6 下午 3:04;RIGHT_CLICK_BLOCK;Black___cat;DIM:0;1136;74;246;|;113;7;24
2019/10/6 下午 3:04;RIGHT_CLICK_BLOCK;Black___cat;DIM:0;1136;75;246;|;113;7;24
2019/10/6 下午 3:04;RIGHT_CLICK_BLOCK;Black___cat;DIM:0;1132;76;250;|;113;7;25
2019/10/6 下午 3:04;RIGHT_CLICK_BLOCK;Black___cat;DIM:0;1132;77;249;|;113;7;24
2019/10/6 下午 3:04;RIGHT_CLICK_BLOCK;Black___cat;DIM:0;1135;78;252;|;113;7;25
2019/10/6 下午 3:04;RIGHT_CLICK_BLOCK;Black___cat;DIM:0;1124;77;249;|;112;7;24
2019/10/6 下午 3:04;RIGHT_CLICK_BLOCK;Black___cat;DIM:0;1125;77;249;|;112;7;24
2019/10/6 下午 3:04;RIGHT_CLICK_BLOCK;Black___cat;DIM:0;1125;78;249;|;112;7;24
2019/10/6 下午 3:04;RIGHT_CLICK_BLOCK;Black___cat;DIM:0;1125;77;249;|;112;7;24
2019/10/6 下午 3:05;RIGHT_CLICK_BLOCK;Black___cat;DIM:0;1120;77;245;|;112;7;24
2019/10/6 下午 3:05;RIGHT_CLICK_BLOCK;Black___cat;DIM:0;1120;76;245;|;112;7;24
2019/10/6 下午 3:05;RIGHT_CLICK_BLOCK;Black___cat;DIM:0;1113;78;247;|;111;7;24
2019/10/6 下午 3:05;RIGHT_CLICK_BLOCK;Black___cat;DIM:0;1112;77;247;|;111;7;24
2019/10/6 下午 3:05;RIGHT_CLICK_BLOCK;Black___cat;DIM:0;1111;77;247;|;111;7;24
2019/10/6 下午 3:05;RIGHT_CLICK_BLOCK;Black___cat;DIM:0;1111;78;248;|;111;7;24
2019/10/6 下午 3:05;RIGHT_CLICK_BLOCK;Black___cat;DIM:0;1111;76;246;|;111;7;24
2019/10/6 下午 3:05;RIGHT_CLICK_BLOCK;Black___cat;DIM:0;1111;77;246;|;111;7;24
2019/10/6 下午 3:05;RIGHT_CLICK_BLOCK;Black___cat;DIM:0;1104;77;245;|;110;7;24
2019/10/6 下午 3:05;LEFT_CLICK_BLOCK;Black___cat;DIM:0;1104;77;245;|;110;7;24
2019/10/6 下午 3:05;HARVEST_BLOCK;Black___cat;DIM:0;1104;77;245;|;110;7;24
2019/10/6 下午 3:05;LEFT_CLICK_BLOCK;Black___cat;DIM:0;1104;76;245;|;110;7;24
2019/10/6 下午 3:05;RIGHT_CLICK_BLOCK;Black___cat;DIM:0;1089;72;259;|;108;7;25
2019/10/6 下午 3:05;RIGHT_CLICK_BLOCK;Black___cat;DIM:0;1089;70;260;|;108;7;26
2019/10/6 下午 3:05;RIGHT_CLICK_BLOCK;Black___cat;DIM:0;1089;71;260;|;108;7;26
2019/10/6 下午 3:05;RIGHT_CLICK_BLOCK;Black___cat;DIM:0;1088;69;262;|;108;6;26
2019/10/6 下午 3:05;RIGHT_CLICK_BLOCK;Black___cat;DIM:0;1088;70;263;|;108;7;26
2019/10/6 下午 3:05;RIGHT_CLICK_BLOCK;Black___cat;DIM:0;1087;71;261;|;108;7;26
2019/10/6 下午 3:05;RIGHT_CLICK_BLOCK;Black___cat;DIM:0;1087;70;261;|;108;7;26
2019/10/6 下午 3:05;RIGHT_CLICK_BLOCK;Black___cat;DIM:0;1084;67;270;|;108;6;27
2019/10/6 下午 3:05;RIGHT_CLICK_BLOCK;Black___cat;DIM:0;1084;67;271;|;108;6;27
2019/10/6 下午 3:05;RIGHT_CLICK_BLOCK;Black___cat;DIM:0;1084;68;270;|;108;6;27
2019/10/6 下午 3:05;RIGHT_CLICK_BLOCK;Black___cat;DIM:0;1083;65;276;|;108;6;27
2019/10/6 下午 3:05;RIGHT_CLICK_BLOCK;Black___cat;DIM:0;1082;65;276;|;108;6;27
2019/10/6 下午 3:05;RIGHT_CLICK_BLOCK;Black___cat;DIM:0;1082;66;276;|;108;6;27
2019/10/6 下午 3:05;RIGHT_CLICK_BLOCK;Black___cat;DIM:0;1080;62;279;|;108;6;27
2019/10/6 下午 3:05;RIGHT_CLICK_BLOCK;Black___cat;DIM:0;1080;63;279;|;108;6;27
2019/10/6 下午 3:05;RIGHT_CLICK_BLOCK;Black___cat;DIM:0;1079;63;282;|;107;6;28
2019/10/6 下午 3:05;RIGHT_CLICK_BLOCK;Black___cat;DIM:0;1076;63;279;|;107;6;27
2019/10/6 下午 3:05;RIGHT_CLICK_BLOCK;Black___cat;DIM:0;1073;62;279;|;107;6;27
2019/10/6 下午 3:05;RIGHT_CLICK_BLOCK;Black___cat;DIM:0;1073;63;279;|;107;6;27
2019/10/6 下午 3:06;LEFT_CLICK_BLOCK;Black___cat;DIM:0;1075;63;277;|;107;6;27
2019/10/6 下午 3:06;HARVEST_BLOCK;Black___cat;DIM:0;1075;63;277;|;107;6;27
2019/10/6 下午 3:06;LEFT_CLICK_BLOCK;Black___cat;DIM:0;1075;62;277;|;107;6;27
2019/10/6 下午 3:06;LEFT_CLICK_BLOCK;Black___cat;DIM:0;1074;63;277;|;107;6;27
2019/10/6 下午 3:06;HARVEST_BLOCK;Black___cat;DIM:0;1074;63;277;|;107;6;27
2019/10/6 下午 3:06;LEFT_CLICK_BLOCK;Black___cat;DIM:0;1074;62;277;|;107;6;27
2019/10/6 下午 3:06;LEFT_CLICK_BLOCK;Black___cat;DIM:0;1073;63;276;|;107;6;27
2019/10/6 下午 3:06;HARVEST_BLOCK;Black___cat;DIM:0;1073;63;276;|;107;6;27
2019/10/6 下午 3:06;LEFT_CLICK_BLOCK;Black___cat;DIM:0;1072;62;276;|;107;6;27
2019/10/6 下午 3:06;LEFT_CLICK_BLOCK;Black___cat;DIM:0;1072;63;277;|;107;6;27
2019/10/6 下午 3:06;HARVEST_BLOCK;Black___cat;DIM:0;1072;63;277;|;107;6;27
2019/10/6 下午 3:06;LEFT_CLICK_BLOCK;Black___cat;DIM:0;1072;62;277;|;107;6;27
2019/10/6 下午 3:06;LEFT_CLICK_BLOCK;Black___cat;DIM:0;1072;63;274;|;107;6;27
2019/10/6 下午 3:06;HARVEST_BLOCK;Black___cat;DIM:0;1072;63;274;|;107;6;27
2019/10/6 下午 3:06;LEFT_CLICK_BLOCK;Black___cat;DIM:0;1072;62;273;|;107;6;27
2019/10/6 下午 3:06;LEFT_CLICK_BLOCK;Black___cat;DIM:0;1072;63;273;|;107;6;27
2019/10/6 下午 3:06;HARVEST_BLOCK;Black___cat;DIM:0;1072;63;273;|;107;6;27
2019/10/6 下午 3:06;LEFT_CLICK_BLOCK;Black___cat;DIM:0;1072;62;273;|;107;6;27
2019/10/6 下午 3:06;LEFT_CLICK_BLOCK;Black___cat;DIM:0;1072;62;272;|;107;6;27
2019/10/6 下午 3:06;LEFT_CLICK_BLOCK;Black___cat;DIM:0;1072;63;271;|;107;6;27
2019/10/6 下午 3:06;HARVEST_BLOCK;Black___cat;DIM:0;1072;63;271;|;107;6;27
2019/10/6 下午 3:06;LEFT_CLICK_BLOCK;Black___cat;DIM:0;1072;62;271;|;107;6;27
2019/10/6 下午 3:06;LEFT_CLICK_BLOCK;Black___cat;DIM:0;1072;63;270;|;107;6;27
2019/10/6 下午 3:06;LEFT_CLICK_BLOCK;Black___cat;DIM:0;1073;63;273;|;107;6;27
2019/10/6 下午 3:06;HARVEST_BLOCK;Black___cat;DIM:0;1073;63;273;|;107;6;27
2019/10/6 下午 3:06;LEFT_CLICK_BLOCK;Black___cat;DIM:0;1073;62;273;|;107;6;27
2019/10/6 下午 3:06;LEFT_CLICK_BLOCK;Black___cat;DIM:0;1073;62;274;|;107;6;27
2019/10/6 下午 3:06;LEFT_CLICK_BLOCK;Black___cat;DIM:0;1073;63;274;|;107;6;27
2019/10/6 下午 3:06;HARVEST_BLOCK;Black___cat;DIM:0;1073;63;274;|;107;6;27
2019/10/6 下午 3:06;LEFT_CLICK_BLOCK;Black___cat;DIM:0;1073;63;279;|;107;6;27
2019/10/6 下午 3:06;HARVEST_BLOCK;Black___cat;DIM:0;1073;63;279;|;107;6;27
2019/10/6 下午 3:06;LEFT_CLICK_BLOCK;Black___cat;DIM:0;1073;62;279;|;107;6;27
2019/10/6 下午 3:06;RIGHT_CLICK_BLOCK;Black___cat;DIM:0;1072;62;279;|;107;6;27
2019/10/6 下午 3:06;RIGHT_CLICK_BLOCK;Black___cat;DIM:0;1072;63;279;|;107;6;27
2019/10/6 下午 3:06;LEFT_CLICK_BLOCK;Black___cat;DIM:0;1072;63;279;|;107;6;27
2019/10/6 下午 3:06;HARVEST_BLOCK;Black___cat;DIM:0;1072;63;279;|;107;6;27
2019/10/6 下午 3:06;RIGHT_CLICK_BLOCK;Black___cat;DIM:0;1070;63;280;|;107;6;28
2019/10/6 下午 3:06;RIGHT_CLICK_BLOCK;Black___cat;DIM:0;1067;63;279;|;106;6;27
2019/10/6 下午 3:07;LEFT_CLICK_BLOCK;Black___cat;DIM:0;1059;63;282;|;105;6;28
2019/10/6 下午 3:07;HARVEST_BLOCK;Black___cat;DIM:0;1059;63;282;|;105;6;28
2019/10/6 下午 3:07;LEFT_CLICK_BLOCK;Black___cat;DIM:0;1060;64;281;|;106;6;28
2019/10/6 下午 3:07;HARVEST_BLOCK;Black___cat;DIM:0;1060;64;281;|;106;6;28
2019/10/6 下午 3:07;LEFT_CLICK_BLOCK;Black___cat;DIM:0;1059;64;279;|;105;6;27
2019/10/6 下午 3:07;LEFT_CLICK_BLOCK;Black___cat;DIM:0;1059;64;281;|;105;6;28
2019/10/6 下午 3:07;HARVEST_BLOCK;Black___cat;DIM:0;1059;64;281;|;105;6;28
2019/10/6 下午 3:07;LEFT_CLICK_BLOCK;Black___cat;DIM:0;1058;63;281;|;105;6;28
2019/10/6 下午 3:07;LEFT_CLICK_BLOCK;Black___cat;DIM:0;1059;62;282;|;105;6;28
2019/10/6 下午 3:07;LEFT_CLICK_BLOCK;Black___cat;DIM:0;1058;63;282;|;105;6;28
2019/10/6 下午 3:07;HARVEST_BLOCK;Black___cat;DIM:0;1058;63;282;|;105;6;28
2019/10/6 下午 3:07;LEFT_CLICK_BLOCK;Black___cat;DIM:0;1058;62;282;|;105;6;28
2019/10/6 下午 3:07;LEFT_CLICK_BLOCK;Black___cat;DIM:0;1057;62;285;|;105;6;28
2019/10/6 下午 3:07;LEFT_CLICK_BLOCK;Black___cat;DIM:0;1057;61;287;|;105;6;28
2019/10/6 下午 3:07;LEFT_CLICK_BLOCK;Black___cat;DIM:0;1058;62;284;|;105;6;28
2019/10/6 下午 3:07;LEFT_CLICK_BLOCK;Black___cat;DIM:0;1058;63;285;|;105;6;28
2019/10/6 下午 3:07;HARVEST_BLOCK;Black___cat;DIM:0;1058;63;285;|;105;6;28
2019/10/6 下午 3:07;LEFT_CLICK_BLOCK;Black___cat;DIM:0;1058;62;285;|;105;6;28
2019/10/6 下午 3:07;RIGHT_CLICK_BLOCK;Black___cat;DIM:0;1051;62;287;|;105;6;28
2019/10/6 下午 3:07;RIGHT_CLICK_BLOCK;Black___cat;DIM:0;1051;63;287;|;105;6;28
2019/10/6 下午 3:07;RIGHT_CLICK_BLOCK;Black___cat;DIM:0;1048;62;284;|;104;6;28
2019/10/6 下午 3:07;RIGHT_CLICK_BLOCK;Black___cat;DIM:0;1048;63;284;|;104;6;28
2019/10/6 下午 3:07;RIGHT_CLICK_BLOCK;Black___cat;DIM:0;1048;62;284;|;104;6;28
2019/10/6 下午 3:07;RIGHT_CLICK_BLOCK;Black___cat;DIM:0;1048;63;284;|;104;6;28
2019/10/6 下午 3:07;RIGHT_CLICK_BLOCK;Black___cat;DIM:0;1047;62;283;|;104;6;28
2019/10/6 下午 3:07;RIGHT_CLICK_BLOCK;Black___cat;DIM:0;1047;63;283;|;104;6;28
2019/10/6 下午 3:07;RIGHT_CLICK_BLOCK;Black___cat;DIM:0;1043;64;278;|;104;6;27
2019/10/6 下午 3:07;RIGHT_CLICK_BLOCK;Black___cat;DIM:0;1043;65;278;|;104;6;27
2019/10/6 下午 3:07;LEFT_CLICK_BLOCK;Black___cat;DIM:0;1039;67;278;|;103;6;27
2019/10/6 下午 3:07;HARVEST_BLOCK;Black___cat;DIM:0;1039;67;278;|;103;6;27
2019/10/6 下午 3:07;LEFT_CLICK_BLOCK;Black___cat;DIM:0;1039;68;274;|;103;6;27
2019/10/6 下午 3:07;HARVEST_BLOCK;Black___cat;DIM:0;1039;68;274;|;103;6;27
2019/10/6 下午 3:07;LEFT_CLICK_BLOCK;Black___cat;DIM:0;1039;68;273;|;103;6;27
2019/10/6 下午 3:07;HARVEST_BLOCK;Black___cat;DIM:0;1039;68;273;|;103;6;27
2019/10/6 下午 3:07;LEFT_CLICK_BLOCK;Black___cat;DIM:0;1040;68;272;|;104;6;27
2019/10/6 下午 3:07;HARVEST_BLOCK;Black___cat;DIM:0;1040;68;272;|;104;6;27
2019/10/6 下午 3:07;LEFT_CLICK_BLOCK;Black___cat;DIM:0;1041;68;271;|;104;6;27
2019/10/6 下午 3:07;HARVEST_BLOCK;Black___cat;DIM:0;1041;68;271;|;104;6;27
2019/10/6 下午 3:07;LEFT_CLICK_BLOCK;Black___cat;DIM:0;1041;67;271;|;104;6;27
2019/10/6 下午 3:07;RIGHT_CLICK_BLOCK;Black___cat;DIM:0;1051;68;257;|;105;6;25
2019/10/6 下午 3:07;RIGHT_CLICK_BLOCK;Black___cat;DIM:0;1052;68;257;|;105;6;25
2019/10/6 下午 3:07;RIGHT_CLICK_BLOCK;Black___cat;DIM:0;1053;67;256;|;105;6;25
2019/10/6 下午 3:07;RIGHT_CLICK_BLOCK;Black___cat;DIM:0;1052;67;256;|;105;6;25
2019/10/6 下午 3:07;RIGHT_CLICK_BLOCK;Black___cat;DIM:0;1052;68;256;|;105;6;25
2019/10/6 下午 3:07;RIGHT_CLICK_BLOCK;Black___cat;DIM:0;1055;68;255;|;105;6;25
2019/10/6 下午 3:07;RIGHT_CLICK_BLOCK;Black___cat;DIM:0;1055;68;254;|;105;6;25
2019/10/6 下午 3:07;RIGHT_CLICK_BLOCK;Black___cat;DIM:0;1057;68;248;|;105;6;24
2019/10/6 下午 3:07;RIGHT_CLICK_BLOCK;Black___cat;DIM:0;1057;68;247;|;105;6;24
2019/10/6 下午 3:07;RIGHT_CLICK_BLOCK;Black___cat;DIM:0;1057;69;247;|;105;6;24
2019/10/6 下午 3:07;RIGHT_CLICK_BLOCK;Black___cat;DIM:0;1057;68;247;|;105;6;24
2019/10/6 下午 3:08;RIGHT_CLICK_BLOCK;Black___cat;DIM:0;1104;71;213;|;110;7;21
2019/10/6 下午 3:08;RIGHT_CLICK_BLOCK;Black___cat;DIM:0;1104;72;213;|;110;7;21
2019/10/6 下午 3:08;RIGHT_CLICK_BLOCK;Black___cat;DIM:0;1104;72;213;|;110;7;21
2019/10/6 下午 3:08;LEFT_CLICK_BLOCK;Black___cat;DIM:0;1104;72;213;|;110;7;21
2019/10/6 下午 3:08;HARVEST_BLOCK;Black___cat;DIM:0;1104;72;213;|;110;7;21
2019/10/6 下午 3:09;RIGHT_CLICK_BLOCK;Black___cat;DIM:0;1099;73;215;|;109;7;21
2019/10/6 下午 3:09;RIGHT_CLICK_BLOCK;Black___cat;DIM:0;1100;73;215;|;110;7;21
2019/10/6 下午 3:09;LEFT_CLICK_BLOCK;Black___cat;DIM:0;1100;73;215;|;110;7;21
2019/10/6 下午 3:09;HARVEST_BLOCK;Black___cat;DIM:0;1100;73;215;|;110;7;21
2019/10/6 下午 3:09;LEFT_CLICK_BLOCK;Black___cat;DIM:0;1099;72;219;|;109;7;21
2019/10/6 下午 3:09;HARVEST_BLOCK;Black___cat;DIM:0;1099;72;219;|;109;7;21
2019/10/6 下午 3:09;LEFT_CLICK_BLOCK;Black___cat;DIM:0;1099;71;219;|;109;7;21
2019/10/6 下午 3:09;LEFT_CLICK_BLOCK;Black___cat;DIM:0;1099;72;220;|;109;7;22
2019/10/6 下午 3:09;LEFT_CLICK_BLOCK;Black___cat;DIM:0;1099;72;220;|;109;7;22
2019/10/6 下午 3:09;HARVEST_BLOCK;Black___cat;DIM:0;1099;73;220;|;109;7;22
2019/10/6 下午 3:09;HARVEST_BLOCK;Black___cat;DIM:0;1099;74;220;|;109;7;22
2019/10/6 下午 3:09;HARVEST_BLOCK;Black___cat;DIM:0;1099;75;220;|;109;7;22
2019/10/6 下午 3:09;HARVEST_BLOCK;Black___cat;DIM:0;1099;76;220;|;109;7;22
2019/10/6 下午 3:09;HARVEST_BLOCK;Black___cat;DIM:0;1099;77;220;|;109;7;22
2019/10/6 下午 3:09;HARVEST_BLOCK;Black___cat;DIM:0;1099;72;220;|;109;7;22
2019/10/6 下午 3:09;LEFT_CLICK_BLOCK;Black___cat;DIM:0;1099;71;220;|;109;7;22
2019/10/6 下午 3:09;RIGHT_CLICK_BLOCK;Black___cat;DIM:0;1098;71;221;|;109;7;22
2019/10/6 下午 3:09;RIGHT_CLICK_BLOCK;Black___cat;DIM:0;1098;72;221;|;109;7;22
2019/10/6 下午 3:09;RIGHT_CLICK_BLOCK;Black___cat;DIM:0;1098;71;224;|;109;7;22
2019/10/6 下午 3:09;RIGHT_CLICK_BLOCK;Black___cat;DIM:0;1098;72;224;|;109;7;22
2019/10/6 下午 3:09;LEFT_CLICK_BLOCK;Emerald98787;DIM:0;1100;71;225;|;110;7;22
2019/10/6 下午 3:09;LEFT_CLICK_BLOCK;Emerald98787;DIM:0;1100;71;226;|;110;7;22
2019/10/6 下午 3:09;LEFT_CLICK_BLOCK;Emerald98787;DIM:0;1099;72;226;|;109;7;22
2019/10/6 下午 3:09;HARVEST_BLOCK;Emerald98787;DIM:0;1099;72;226;|;109;7;22
2019/10/6 下午 3:09;LEFT_CLICK_BLOCK;Emerald98787;DIM:0;1099;72;227;|;109;7;22
2019/10/6 下午 3:09;LEFT_CLICK_BLOCK;Black___cat;DIM:0;1099;73;226;|;109;7;22
2019/10/6 下午 3:09;HARVEST_BLOCK;Black___cat;DIM:0;1099;74;226;|;109;7;22
2019/10/6 下午 3:09;HARVEST_BLOCK;Black___cat;DIM:0;1099;75;226;|;109;7;22
2019/10/6 下午 3:09;HARVEST_BLOCK;Black___cat;DIM:0;1099;73;226;|;109;7;22
2019/10/6 下午 3:09;RIGHT_CLICK_BLOCK;Black___cat;DIM:0;1101;72;231;|;110;7;23
2019/10/6 下午 3:09;RIGHT_CLICK_BLOCK;Black___cat;DIM:0;1101;73;231;|;110;7;23
2019/10/6 下午 3:09;LEFT_CLICK_BLOCK;Black___cat;DIM:0;1101;73;231;|;110;7;23
2019/10/6 下午 3:09;HARVEST_BLOCK;Black___cat;DIM:0;1101;73;231;|;110;7;23
2019/10/6 下午 3:10;LEFT_CLICK_BLOCK;Black___cat;DIM:0;1102;73;239;|;110;7;23
2019/10/6 下午 3:10;LEFT_CLICK_BLOCK;Black___cat;DIM:0;1103;73;239;|;110;7;23
2019/10/6 下午 3:10;HARVEST_BLOCK;Black___cat;DIM:0;1103;73;239;|;110;7;23
2019/10/6 下午 3:10;LEFT_CLICK_BLOCK;Black___cat;DIM:0;1103;73;240;|;110;7;24
2019/10/6 下午 3:10;HARVEST_BLOCK;Black___cat;DIM:0;1103;73;240;|;110;7;24
2019/10/6 下午 3:10;LEFT_CLICK_BLOCK;Black___cat;DIM:0;1103;73;241;|;110;7;24
2019/10/6 下午 3:10;LEFT_CLICK_BLOCK;Black___cat;DIM:0;1103;72;240;|;110;7;24
2019/10/6 下午 3:10;HARVEST_BLOCK;Black___cat;DIM:0;1103;72;240;|;110;7;24
2019/10/6 下午 3:10;LEFT_CLICK_BLOCK;Black___cat;DIM:0;1103;73;241;|;110;7;24
2019/10/6 下午 3:10;LEFT_CLICK_BLOCK;Black___cat;DIM:0;1103;72;241;|;110;7;24
2019/10/6 下午 3:10;LEFT_CLICK_BLOCK;Black___cat;DIM:0;1103;73;241;|;110;7;24
2019/10/6 下午 3:10;HARVEST_BLOCK;Black___cat;DIM:0;1103;73;241;|;110;7;24
2019/10/6 下午 3:10;LEFT_CLICK_BLOCK;Black___cat;DIM:0;1103;72;241;|;110;7;24
2019/10/6 下午 3:10;HARVEST_BLOCK;Black___cat;DIM:0;1103;72;241;|;110;7;24
2019/10/6 下午 3:10;LEFT_CLICK_BLOCK;Black___cat;DIM:0;1103;71;241;|;110;7;24
2019/10/6 下午 3:10;HARVEST_BLOCK;Black___cat;DIM:0;1103;71;241;|;110;7;24
2019/10/6 下午 3:10;LEFT_CLICK_BLOCK;Black___cat;DIM:0;1103;71;242;|;110;7;24
2019/10/6 下午 3:10;LEFT_CLICK_BLOCK;Black___cat;DIM:0;1103;72;242;|;110;7;24
2019/10/6 下午 3:10;HARVEST_BLOCK;Black___cat;DIM:0;1103;72;242;|;110;7;24
2019/10/6 下午 3:10;LEFT_CLICK_BLOCK;Black___cat;DIM:0;1103;71;242;|;110;7;24
2019/10/6 下午 3:10;HARVEST_BLOCK;Black___cat;DIM:0;1103;71;242;|;110;7;24
2019/10/6 下午 3:10;LEFT_CLICK_BLOCK;Black___cat;DIM:0;1103;70;242;|;110;7;24
2019/10/6 下午 3:10;HARVEST_BLOCK;Black___cat;DIM:0;1103;70;242;|;110;7;24
2019/10/6 下午 3:10;LEFT_CLICK_BLOCK;Black___cat;DIM:0;1103;69;242;|;110;6;24
2019/10/6 下午 3:10;RIGHT_CLICK_BLOCK;Emerald98787;DIM:0;1102;73;240;|;110;7;24
2019/10/6 下午 3:10;RIGHT_CLICK_BLOCK;Emerald98787;DIM:0;1102;74;240;|;110;7;24
2019/10/6 下午 3:10;LEFT_CLICK_BLOCK;Black___cat;DIM:0;1103;70;241;|;110;7;24
2019/10/6 下午 3:10;LEFT_CLICK_BLOCK;Black___cat;DIM:0;1103;70;243;|;110;7;24
2019/10/6 下午 3:10;HARVEST_BLOCK;Black___cat;DIM:0;1103;70;243;|;110;7;24
2019/10/6 下午 3:10;LEFT_CLICK_BLOCK;Black___cat;DIM:0;1102;70;242;|;110;7;24
2019/10/6 下午 3:10;HARVEST_BLOCK;Black___cat;DIM:0;1102;70;242;|;110;7;24
2019/10/6 下午 3:10;LEFT_CLICK_BLOCK;Black___cat;DIM:0;1102;70;243;|;110;7;24
2019/10/6 下午 3:10;HARVEST_BLOCK;Black___cat;DIM:0;1102;70;243;|;110;7;24
2019/10/6 下午 3:10;LEFT_CLICK_BLOCK;Emerald98787;DIM:0;1105;73;237;|;110;7;23
2019/10/6 下午 3:10;LEFT_CLICK_BLOCK;Black___cat;DIM:0;1103;69;243;|;110;6;24
2019/10/6 下午 3:10;LEFT_CLICK_BLOCK;Black___cat;DIM:0;1104;70;243;|;110;7;24
2019/10/6 下午 3:10;LEFT_CLICK_BLOCK;Emerald98787;DIM:0;1105;74;237;|;110;7;23
2019/10/6 下午 3:10;HARVEST_BLOCK;Emerald98787;DIM:0;1105;74;237;|;110;7;23
2019/10/6 下午 3:10;LEFT_CLICK_BLOCK;Emerald98787;DIM:0;1105;73;237;|;110;7;23
2019/10/6 下午 3:10;LEFT_CLICK_BLOCK;Emerald98787;DIM:0;1106;74;237;|;110;7;23
2019/10/6 下午 3:10;HARVEST_BLOCK;Emerald98787;DIM:0;1106;74;237;|;110;7;23
2019/10/6 下午 3:10;LEFT_CLICK_BLOCK;Emerald98787;DIM:0;1106;73;237;|;110;7;23
2019/10/6 下午 3:10;HARVEST_BLOCK;Black___cat;DIM:0;1104;70;243;|;110;7;24
2019/10/6 下午 3:10;LEFT_CLICK_BLOCK;Emerald98787;DIM:0;1106;73;236;|;110;7;23
2019/10/6 下午 3:10;LEFT_CLICK_BLOCK;Emerald98787;DIM:0;1106;74;236;|;110;7;23
2019/10/6 下午 3:10;HARVEST_BLOCK;Emerald98787;DIM:0;1106;74;236;|;110;7;23
2019/10/6 下午 3:10;LEFT_CLICK_BLOCK;Emerald98787;DIM:0;1107;73;236;|;110;7;23
2019/10/6 下午 3:10;LEFT_CLICK_BLOCK;Emerald98787;DIM:0;1107;73;235;|;110;7;23
2019/10/6 下午 3:10;LEFT_CLICK_BLOCK;Black___cat;DIM:0;1104;70;242;|;110;7;24
2019/10/6 下午 3:10;LEFT_CLICK_BLOCK;Emerald98787;DIM:0;1107;74;235;|;110;7;23
2019/10/6 下午 3:10;HARVEST_BLOCK;Emerald98787;DIM:0;1107;74;235;|;110;7;23
2019/10/6 下午 3:10;LEFT_CLICK_BLOCK;Emerald98787;DIM:0;1107;73;235;|;110;7;23
2019/10/6 下午 3:10;LEFT_CLICK_BLOCK;Emerald98787;DIM:0;1108;73;235;|;110;7;23
2019/10/6 下午 3:10;HARVEST_BLOCK;Black___cat;DIM:0;1104;70;242;|;110;7;24
2019/10/6 下午 3:10;RIGHT_CLICK_BLOCK;Emerald98787;DIM:0;1108;72;233;|;110;7;23
2019/10/6 下午 3:10;RIGHT_CLICK_BLOCK;Emerald98787;DIM:0;1108;72;232;|;110;7;23
2019/10/6 下午 3:10;RIGHT_CLICK_BLOCK;Emerald98787;DIM:0;1108;73;232;|;110;7;23
2019/10/6 下午 3:10;RIGHT_CLICK_BLOCK;Emerald98787;DIM:0;1108;72;232;|;110;7;23
2019/10/6 下午 3:10;RIGHT_CLICK_BLOCK;Emerald98787;DIM:0;1111;72;228;|;111;7;22
2019/10/6 下午 3:10;RIGHT_CLICK_BLOCK;Emerald98787;DIM:0;1111;73;228;|;111;7;22
2019/10/6 下午 3:10;RIGHT_CLICK_BLOCK;Emerald98787;DIM:0;1111;72;228;|;111;7;22
2019/10/6 下午 3:10;RIGHT_CLICK_BLOCK;Black___cat;DIM:0;1102;74;240;|;110;7;24
2019/10/6 下午 3:10;RIGHT_CLICK_BLOCK;Emerald98787;DIM:0;1103;74;241;|;110;7;24
2019/10/6 下午 3:10;RIGHT_CLICK_BLOCK;Emerald98787;DIM:0;1102;74;240;|;110;7;24
2019/10/6 下午 3:10;RIGHT_CLICK_BLOCK;Black___cat;DIM:0;1102;74;240;|;110;7;24
2019/10/6 下午 3:11;RIGHT_CLICK_BLOCK;Black___cat;DIM:0;1104;75;241;|;110;7;24
2019/10/6 下午 3:11;RIGHT_CLICK_BLOCK;Black___cat;DIM:0;1104;75;241;|;110;7;24
2019/10/6 下午 3:11;LEFT_CLICK_BLOCK;Black___cat;DIM:0;1104;75;241;|;110;7;24
2019/10/6 下午 3:11;HARVEST_BLOCK;Black___cat;DIM:0;1104;75;241;|;110;7;24
2019/10/6 下午 3:11;LEFT_CLICK_BLOCK;Black___cat;DIM:0;1105;75;242;|;110;7;24
2019/10/6 下午 3:11;HARVEST_BLOCK;Black___cat;DIM:0;1105;75;242;|;110;7;24
2019/10/6 下午 3:11;LEFT_CLICK_BLOCK;Black___cat;DIM:0;1106;75;242;|;110;7;24
2019/10/6 下午 3:11;HARVEST_BLOCK;Black___cat;DIM:0;1106;75;242;|;110;7;24
2019/10/6 下午 3:11;LEFT_CLICK_BLOCK;Black___cat;DIM:0;1104;76;241;|;110;7;24
2019/10/6 下午 3:11;HARVEST_BLOCK;Black___cat;DIM:0;1104;76;241;|;110;7;24
2019/10/6 下午 3:11;LEFT_CLICK_BLOCK;Black___cat;DIM:0;1104;77;241;|;110;7;24
2019/10/6 下午 3:11;HARVEST_BLOCK;Black___cat;DIM:0;1104;77;241;|;110;7;24
2019/10/6 下午 3:11;LEFT_CLICK_BLOCK;Black___cat;DIM:0;1104;78;241;|;110;7;24
2019/10/6 下午 3:11;HARVEST_BLOCK;Black___cat;DIM:0;1104;78;241;|;110;7;24
2019/10/6 下午 3:11;LEFT_CLICK_BLOCK;Black___cat;DIM:0;1104;79;241;|;110;7;24
2019/10/6 下午 3:11;HARVEST_BLOCK;Black___cat;DIM:0;1104;79;241;|;110;7;24
2019/10/6 下午 3:11;LEFT_CLICK_BLOCK;Black___cat;DIM:0;1104;80;241;|;110;8;24
2019/10/6 下午 3:11;HARVEST_BLOCK;Black___cat;DIM:0;1104;80;241;|;110;8;24
2019/10/6 下午 3:11;LEFT_CLICK_BLOCK;Black___cat;DIM:0;1104;81;241;|;110;8;24
2019/10/6 下午 3:11;HARVEST_BLOCK;Black___cat;DIM:0;1104;81;241;|;110;8;24
2019/10/6 下午 3:11;RIGHT_CLICK_BLOCK;Black___cat;DIM:0;1095;77;237;|;109;7;23
2019/10/6 下午 3:11;RIGHT_CLICK_BLOCK;Black___cat;DIM:0;1097;76;241;|;109;7;24
2019/10/6 下午 3:11;RIGHT_CLICK_BLOCK;Black___cat;DIM:0;1097;75;241;|;109;7;24
2019/10/6 下午 3:11;RIGHT_CLICK_BLOCK;Black___cat;DIM:0;1094;78;241;|;109;7;24
2019/10/6 下午 3:11;LEFT_CLICK_BLOCK;Black___cat;DIM:0;1114;76;242;|;111;7;24
2019/10/6 下午 3:11;HARVEST_BLOCK;Black___cat;DIM:0;1114;76;242;|;111;7;24
2019/10/6 下午 3:11;LEFT_CLICK_BLOCK;Black___cat;DIM:0;1116;76;242;|;111;7;24
2019/10/6 下午 3:11;HARVEST_BLOCK;Black___cat;DIM:0;1116;76;242;|;111;7;24
2019/10/6 下午 3:11;LEFT_CLICK_BLOCK;Black___cat;DIM:0;1117;75;242;|;111;7;24
2019/10/6 下午 3:11;LEFT_CLICK_BLOCK;Black___cat;DIM:0;1118;76;242;|;111;7;24
2019/10/6 下午 3:11;HARVEST_BLOCK;Black___cat;DIM:0;1118;76;242;|;111;7;24
2019/10/6 下午 3:11;LEFT_CLICK_BLOCK;Black___cat;DIM:0;1118;75;242;|;111;7;24
2019/10/6 下午 3:11;LEFT_CLICK_BLOCK;Black___cat;DIM:0;1119;76;242;|;111;7;24
2019/10/6 下午 3:11;HARVEST_BLOCK;Black___cat;DIM:0;1119;76;242;|;111;7;24
2019/10/6 下午 3:11;LEFT_CLICK_BLOCK;Black___cat;DIM:0;1119;75;242;|;111;7;24
2019/10/6 下午 3:11;LEFT_CLICK_BLOCK;Black___cat;DIM:0;1120;77;244;|;112;7;24
2019/10/6 下午 3:11;HARVEST_BLOCK;Black___cat;DIM:0;1120;77;244;|;112;7;24
2019/10/6 下午 3:11;LEFT_CLICK_BLOCK;Black___cat;DIM:0;1120;76;244;|;112;7;24
2019/10/6 下午 3:11;LEFT_CLICK_BLOCK;Black___cat;DIM:0;1126;77;246;|;112;7;24
2019/10/6 下午 3:11;HARVEST_BLOCK;Black___cat;DIM:0;1126;77;246;|;112;7;24
2019/10/6 下午 3:11;RIGHT_CLICK_BLOCK;Black___cat;DIM:0;1127;76;247;|;112;7;24
2019/10/6 下午 3:11;RIGHT_CLICK_BLOCK;Black___cat;DIM:0;1127;77;247;|;112;7;24
2019/10/6 下午 3:11;RIGHT_CLICK_BLOCK;Emerald98787;DIM:0;1102;74;240;|;110;7;24
2019/10/6 下午 3:11;LEFT_CLICK_BLOCK;Black___cat;DIM:0;1136;72;240;|;113;7;24
2019/10/6 下午 3:11;LEFT_CLICK_BLOCK;Black___cat;DIM:0;1136;73;239;|;113;7;23
2019/10/6 下午 3:11;HARVEST_BLOCK;Black___cat;DIM:0;1136;73;239;|;113;7;23
2019/10/6 下午 3:11;LEFT_CLICK_BLOCK;Black___cat;DIM:0;1136;72;239;|;113;7;23
2019/10/6 下午 3:11;LEFT_CLICK_BLOCK;Black___cat;DIM:0;1136;72;233;|;113;7;23
2019/10/6 下午 3:11;HARVEST_BLOCK;Black___cat;DIM:0;1136;72;233;|;113;7;23
2019/10/6 下午 3:11;LEFT_CLICK_BLOCK;Black___cat;DIM:0;1136;71;233;|;113;7;23
2019/10/6 下午 3:11;LEFT_CLICK_BLOCK;Black___cat;DIM:0;1140;70;230;|;114;7;23
2019/10/6 下午 3:11;HARVEST_BLOCK;Black___cat;DIM:0;1140;70;230;|;114;7;23
2019/10/6 下午 3:11;LEFT_CLICK_BLOCK;Black___cat;DIM:0;1140;69;229;|;114;6;22
2019/10/6 下午 3:11;LEFT_CLICK_BLOCK;Black___cat;DIM:0;1141;69;229;|;114;6;22
2019/10/6 下午 3:11;LEFT_CLICK_BLOCK;Black___cat;DIM:0;1141;70;228;|;114;7;22
2019/10/6 下午 3:11;HARVEST_BLOCK;Black___cat;DIM:0;1141;70;228;|;114;7;22
2019/10/6 下午 3:11;LEFT_CLICK_BLOCK;Black___cat;DIM:0;1141;69;228;|;114;6;22
2019/10/6 下午 3:11;LEFT_CLICK_BLOCK;Black___cat;DIM:0;1142;69;228;|;114;6;22
2019/10/6 下午 3:11;RIGHT_CLICK_BLOCK;Black___cat;DIM:0;1143;68;226;|;114;6;22
2019/10/6 下午 3:11;RIGHT_CLICK_BLOCK;Black___cat;DIM:0;1143;69;226;|;114;6;22
2019/10/6 下午 3:12;RIGHT_CLICK_BLOCK;Black___cat;DIM:0;1154;63;220;|;115;6;22
2019/10/6 下午 3:12;RIGHT_CLICK_BLOCK;Black___cat;DIM:0;1154;64;220;|;115;6;22
2019/10/6 下午 3:12;RIGHT_CLICK_BLOCK;Black___cat;DIM:0;1161;64;221;|;116;6;22
2019/10/6 下午 3:12;RIGHT_CLICK_BLOCK;Black___cat;DIM:0;1162;63;221;|;116;6;22
2019/10/6 下午 3:12;RIGHT_CLICK_BLOCK;Black___cat;DIM:0;1160;63;223;|;116;6;22
2019/10/6 下午 3:12;RIGHT_CLICK_BLOCK;Black___cat;DIM:0;1161;64;223;|;116;6;22
2019/10/6 下午 3:12;RIGHT_CLICK_BLOCK;Black___cat;DIM:0;1163;63;224;|;116;6;22
2019/10/6 下午 3:12;RIGHT_CLICK_BLOCK;Black___cat;DIM:0;1164;63;224;|;116;6;22
2019/10/6 下午 3:12;RIGHT_CLICK_BLOCK;Black___cat;DIM:0;1163;63;224;|;116;6;22
2019/10/6 下午 3:12;RIGHT_CLICK_BLOCK;Black___cat;DIM:0;1164;63;224;|;116;6;22
2019/10/6 下午 3:12;RIGHT_CLICK_BLOCK;Black___cat;DIM:0;1163;63;224;|;116;6;22
2019/10/6 下午 3:12;RIGHT_CLICK_BLOCK;Black___cat;DIM:0;1163;64;224;|;116;6;22
2019/10/6 下午 3:12;RIGHT_CLICK_BLOCK;Black___cat;DIM:0;1169;64;226;|;116;6;22
2019/10/6 下午 3:12;LEFT_CLICK_BLOCK;Emerald98787;DIM:0;1103;69;242;|;110;6;24
2019/10/6 下午 3:12;HARVEST_BLOCK;Emerald98787;DIM:0;1103;69;242;|;110;6;24
2019/10/6 下午 3:12;RIGHT_CLICK_BLOCK;Black___cat;DIM:0;1161;64;228;|;116;6;22
2019/10/6 下午 3:12;LEFT_CLICK_BLOCK;Emerald98787;DIM:0;1103;69;243;|;110;6;24
2019/10/6 下午 3:12;LEFT_CLICK_BLOCK;Emerald98787;DIM:0;1103;69;243;|;110;6;24
2019/10/6 下午 3:12;HARVEST_BLOCK;Emerald98787;DIM:0;1103;69;243;|;110;6;24
2019/10/6 下午 3:12;LEFT_CLICK_BLOCK;Emerald98787;DIM:0;1103;69;244;|;110;6;24
2019/10/6 下午 3:12;LEFT_CLICK_BLOCK;Emerald98787;DIM:0;1102;69;243;|;110;6;24
2019/10/6 下午 3:12;RIGHT_CLICK_BLOCK;Black___cat;DIM:0;1155;67;229;|;115;6;22
2019/10/6 下午 3:12;HARVEST_BLOCK;Emerald98787;DIM:0;1102;69;243;|;110;6;24
2019/10/6 下午 3:12;LEFT_CLICK_BLOCK;Emerald98787;DIM:0;1104;69;243;|;110;6;24
2019/10/6 下午 3:12;HARVEST_BLOCK;Emerald98787;DIM:0;1104;69;243;|;110;6;24
2019/10/6 下午 3:12;LEFT_CLICK_BLOCK;Emerald98787;DIM:0;1104;69;244;|;110;6;24
2019/10/6 下午 3:12;LEFT_CLICK_BLOCK;Emerald98787;DIM:0;1103;70;244;|;110;7;24
2019/10/6 下午 3:12;HARVEST_BLOCK;Emerald98787;DIM:0;1103;70;244;|;110;7;24
2019/10/6 下午 3:12;LEFT_CLICK_BLOCK;Emerald98787;DIM:0;1104;70;244;|;110;7;24
2019/10/6 下午 3:12;HARVEST_BLOCK;Emerald98787;DIM:0;1104;70;244;|;110;7;24
2019/10/6 下午 3:12;LEFT_CLICK_BLOCK;Emerald98787;DIM:0;1104;69;244;|;110;6;24
2019/10/6 下午 3:12;LEFT_CLICK_BLOCK;Emerald98787;DIM:0;1103;69;244;|;110;6;24
2019/10/6 下午 3:12;HARVEST_BLOCK;Emerald98787;DIM:0;1103;69;244;|;110;6;24
2019/10/6 下午 3:12;LEFT_CLICK_BLOCK;Emerald98787;DIM:0;1104;69;244;|;110;6;24
2019/10/6 下午 3:12;HARVEST_BLOCK;Emerald98787;DIM:0;1104;69;244;|;110;6;24
2019/10/6 下午 3:12;RIGHT_CLICK_BLOCK;Black___cat;DIM:0;1146;69;236;|;114;6;23
2019/10/6 下午 3:12;LEFT_CLICK_BLOCK;Emerald98787;DIM:0;1102;70;244;|;110;7;24
2019/10/6 下午 3:12;RIGHT_CLICK_BLOCK;Black___cat;DIM:0;1146;70;236;|;114;7;23
2019/10/6 下午 3:12;HARVEST_BLOCK;Emerald98787;DIM:0;1102;70;244;|;110;7;24
2019/10/6 下午 3:12;LEFT_CLICK_BLOCK;Emerald98787;DIM:0;1102;69;244;|;110;6;24
2019/10/6 下午 3:12;HARVEST_BLOCK;Emerald98787;DIM:0;1102;69;244;|;110;6;24
2019/10/6 下午 3:12;LEFT_CLICK_BLOCK;Emerald98787;DIM:0;1101;70;243;|;110;7;24
2019/10/6 下午 3:12;HARVEST_BLOCK;Emerald98787;DIM:0;1101;70;243;|;110;7;24
2019/10/6 下午 3:12;LEFT_CLICK_BLOCK;Emerald98787;DIM:0;1101;69;243;|;110;6;24
2019/10/6 下午 3:12;LEFT_CLICK_BLOCK;Emerald98787;DIM:0;1101;70;244;|;110;7;24
2019/10/6 下午 3:12;LEFT_CLICK_BLOCK;Emerald98787;DIM:0;1101;69;244;|;110;6;24
2019/10/6 下午 3:12;HARVEST_BLOCK;Emerald98787;DIM:0;1101;70;244;|;110;7;24
2019/10/6 下午 3:12;HARVEST_BLOCK;Emerald98787;DIM:0;1101;69;244;|;110;6;24
2019/10/6 下午 3:12;LEFT_CLICK_BLOCK;Emerald98787;DIM:0;1103;70;245;|;110;7;24
2019/10/6 下午 3:12;HARVEST_BLOCK;Emerald98787;DIM:0;1103;70;245;|;110;7;24
2019/10/6 下午 3:12;LEFT_CLICK_BLOCK;Emerald98787;DIM:0;1103;69;245;|;110;6;24
2019/10/6 下午 3:12;HARVEST_BLOCK;Emerald98787;DIM:0;1103;69;245;|;110;6;24
2019/10/6 下午 3:12;LEFT_CLICK_BLOCK;Emerald98787;DIM:0;1104;69;245;|;110;6;24
2019/10/6 下午 3:12;LEFT_CLICK_BLOCK;Emerald98787;DIM:0;1102;70;245;|;110;7;24
2019/10/6 下午 3:12;HARVEST_BLOCK;Emerald98787;DIM:0;1102;70;245;|;110;7;24
2019/10/6 下午 3:12;LEFT_CLICK_BLOCK;Emerald98787;DIM:0;1102;69;245;|;110;6;24
2019/10/6 下午 3:12;HARVEST_BLOCK;Emerald98787;DIM:0;1102;69;245;|;110;6;24
2019/10/6 下午 3:12;LEFT_CLICK_BLOCK;Emerald98787;DIM:0;1101;69;243;|;110;6;24
2019/10/6 下午 3:12;LEFT_CLICK_BLOCK;Emerald98787;DIM:0;1101;70;245;|;110;7;24
2019/10/6 下午 3:12;HARVEST_BLOCK;Emerald98787;DIM:0;1101;70;245;|;110;7;24
2019/10/6 下午 3:12;LEFT_CLICK_BLOCK;Emerald98787;DIM:0;1101;69;245;|;110;6;24
2019/10/6 下午 3:12;HARVEST_BLOCK;Emerald98787;DIM:0;1101;69;245;|;110;6;24
2019/10/6 下午 3:12;LEFT_CLICK_BLOCK;Emerald98787;DIM:0;1103;70;241;|;110;7;24
2019/10/6 下午 3:12;HARVEST_BLOCK;Emerald98787;DIM:0;1103;70;241;|;110;7;24
2019/10/6 下午 3:12;LEFT_CLICK_BLOCK;Emerald98787;DIM:0;1103;71;240;|;110;7;24
2019/10/6 下午 3:12;LEFT_CLICK_BLOCK;Emerald98787;DIM:0;1103;72;239;|;110;7;23
2019/10/6 下午 3:12;LEFT_CLICK_BLOCK;Emerald98787;DIM:0;1103;73;238;|;110;7;23
2019/10/6 下午 3:12;LEFT_CLICK_BLOCK;Emerald98787;DIM:0;1103;72;239;|;110;7;23
2019/10/6 下午 3:12;LEFT_CLICK_BLOCK;Emerald98787;DIM:0;1103;71;240;|;110;7;24
2019/10/6 下午 3:12;HARVEST_BLOCK;Emerald98787;DIM:0;1103;71;240;|;110;7;24
2019/10/6 下午 3:12;LEFT_CLICK_BLOCK;Emerald98787;DIM:0;1103;72;239;|;110;7;23
2019/10/6 下午 3:12;LEFT_CLICK_BLOCK;Black___cat;DIM:0;1131;72;232;|;113;7;23
2019/10/6 下午 3:12;HARVEST_BLOCK;Emerald98787;DIM:0;1103;72;239;|;110;7;23
2019/10/6 下午 3:12;HARVEST_BLOCK;Black___cat;DIM:0;1131;72;232;|;113;7;23
2019/10/6 下午 3:12;LEFT_CLICK_BLOCK;Emerald98787;DIM:0;1103;73;238;|;110;7;23
2019/10/6 下午 3:12;LEFT_CLICK_BLOCK;Black___cat;DIM:0;1130;72;232;|;113;7;23
2019/10/6 下午 3:12;HARVEST_BLOCK;Black___cat;DIM:0;1130;72;232;|;113;7;23
2019/10/6 下午 3:12;LEFT_CLICK_BLOCK;Black___cat;DIM:0;1129;72;232;|;112;7;23
2019/10/6 下午 3:12;LEFT_CLICK_BLOCK;Black___cat;DIM:0;1130;72;231;|;113;7;23
2019/10/6 下午 3:12;HARVEST_BLOCK;Emerald98787;DIM:0;1103;73;238;|;110;7;23
2019/10/6 下午 3:12;HARVEST_BLOCK;Black___cat;DIM:0;1130;72;231;|;113;7;23
2019/10/6 下午 3:12;LEFT_CLICK_BLOCK;Black___cat;DIM:0;1129;72;232;|;112;7;23
2019/10/6 下午 3:12;LEFT_CLICK_BLOCK;Black___cat;DIM:0;1129;73;232;|;112;7;23
2019/10/6 下午 3:12;LEFT_CLICK_BLOCK;Black___cat;DIM:0;1130;73;232;|;113;7;23
2019/10/6 下午 3:12;HARVEST_BLOCK;Black___cat;DIM:0;1130;73;232;|;113;7;23
2019/10/6 下午 3:12;LEFT_CLICK_BLOCK;Black___cat;DIM:0;1130;72;233;|;113;7;23
2019/10/6 下午 3:12;LEFT_CLICK_BLOCK;Emerald98787;DIM:0;1107;74;238;|;110;7;23
2019/10/6 下午 3:12;HARVEST_BLOCK;Black___cat;DIM:0;1130;72;233;|;113;7;23
2019/10/6 下午 3:12;HARVEST_BLOCK;Emerald98787;DIM:0;1107;74;238;|;110;7;23
2019/10/6 下午 3:12;LEFT_CLICK_BLOCK;Emerald98787;DIM:0;1108;74;238;|;110;7;23
2019/10/6 下午 3:12;HARVEST_BLOCK;Emerald98787;DIM:0;1108;74;238;|;110;7;23
2019/10/6 下午 3:12;LEFT_CLICK_BLOCK;Emerald98787;DIM:0;1108;73;238;|;110;7;23
2019/10/6 下午 3:12;LEFT_CLICK_BLOCK;Emerald98787;DIM:0;1107;75;238;|;110;7;23
2019/10/6 下午 3:12;HARVEST_BLOCK;Emerald98787;DIM:0;1107;75;238;|;110;7;23
2019/10/6 下午 3:12;LEFT_CLICK_BLOCK;Emerald98787;DIM:0;1107;76;238;|;110;7;23
2019/10/6 下午 3:12;HARVEST_BLOCK;Emerald98787;DIM:0;1107;76;238;|;110;7;23
2019/10/6 下午 3:12;RIGHT_CLICK_BLOCK;Black___cat;DIM:0;1124;73;234;|;112;7;23
2019/10/6 下午 3:12;LEFT_CLICK_BLOCK;Emerald98787;DIM:0;1107;77;238;|;110;7;23
2019/10/6 下午 3:12;HARVEST_BLOCK;Emerald98787;DIM:0;1107;77;238;|;110;7;23
2019/10/6 下午 3:12;LEFT_CLICK_BLOCK;Emerald98787;DIM:0;1107;78;238;|;110;7;23
2019/10/6 下午 3:12;HARVEST_BLOCK;Emerald98787;DIM:0;1107;78;238;|;110;7;23
2019/10/6 下午 3:12;LEFT_CLICK_BLOCK;Emerald98787;DIM:0;1107;79;238;|;110;7;23
2019/10/6 下午 3:12;LEFT_CLICK_BLOCK;Black___cat;DIM:0;1122;74;239;|;112;7;23
2019/10/6 下午 3:12;LEFT_CLICK_BLOCK;Black___cat;DIM:0;1122;75;239;|;112;7;23
2019/10/6 下午 3:12;HARVEST_BLOCK;Black___cat;DIM:0;1122;75;239;|;112;7;23
2019/10/6 下午 3:12;LEFT_CLICK_BLOCK;Black___cat;DIM:0;1122;74;239;|;112;7;23
2019/10/6 下午 3:12;LEFT_CLICK_BLOCK;Black___cat;DIM:0;1122;74;240;|;112;7;24
2019/10/6 下午 3:12;HARVEST_BLOCK;Emerald98787;DIM:0;1107;79;238;|;110;7;23
2019/10/6 下午 3:12;LEFT_CLICK_BLOCK;Emerald98787;DIM:0;1107;80;238;|;110;8;23
2019/10/6 下午 3:12;RIGHT_CLICK_BLOCK;Black___cat;DIM:0;1123;74;241;|;112;7;24
2019/10/6 下午 3:12;LEFT_CLICK_BLOCK;Emerald98787;DIM:0;1107;80;238;|;110;8;23
2019/10/6 下午 3:12;RIGHT_CLICK_BLOCK;Black___cat;DIM:0;1123;74;240;|;112;7;24
2019/10/6 下午 3:12;HARVEST_BLOCK;Emerald98787;DIM:0;1107;80;238;|;110;8;23
2019/10/6 下午 3:12;RIGHT_CLICK_BLOCK;Black___cat;DIM:0;1123;75;240;|;112;7;24
2019/10/6 下午 3:12;RIGHT_CLICK_BLOCK;Emerald98787;DIM:0;1102;74;240;|;110;7;24
2019/10/6 下午 3:12;LEFT_CLICK_BLOCK;Black___cat;DIM:0;1112;76;241;|;111;7;24
2019/10/6 下午 3:12;HARVEST_BLOCK;Black___cat;DIM:0;1112;76;241;|;111;7;24
2019/10/6 下午 3:12;LEFT_CLICK_BLOCK;Black___cat;DIM:0;1111;76;241;|;111;7;24
2019/10/6 下午 3:12;HARVEST_BLOCK;Black___cat;DIM:0;1111;76;241;|;111;7;24
2019/10/6 下午 3:12;LEFT_CLICK_BLOCK;Black___cat;DIM:0;1107;74;241;|;110;7;24
2019/10/6 下午 3:12;LEFT_CLICK_BLOCK;Black___cat;DIM:0;1107;75;241;|;110;7;24
2019/10/6 下午 3:12;HARVEST_BLOCK;Black___cat;DIM:0;1107;75;241;|;110;7;24
2019/10/6 下午 3:12;LEFT_CLICK_BLOCK;Black___cat;DIM:0;1107;75;240;|;110;7;24
2019/10/6 下午 3:12;HARVEST_BLOCK;Black___cat;DIM:0;1107;75;240;|;110;7;24
2019/10/6 下午 3:12;LEFT_CLICK_BLOCK;Black___cat;DIM:0;1107;74;240;|;110;7;24
2019/10/6 下午 3:13;RIGHT_CLICK_BLOCK;Black___cat;DIM:0;1101;73;239;|;110;7;23
2019/10/6 下午 3:13;RIGHT_CLICK_BLOCK;Black___cat;DIM:0;1100;74;239;|;110;7;23
2019/10/6 下午 3:13;RIGHT_CLICK_BLOCK;Black___cat;DIM:0;1102;74;240;|;110;7;24
2019/10/6 下午 3:13;RIGHT_CLICK_BLOCK;Emerald98787;DIM:0;1102;74;240;|;110;7;24
2019/10/6 下午 3:13;LEFT_CLICK_BLOCK;Black___cat;DIM:0;1101;74;239;|;110;7;23
2019/10/6 下午 3:13;LEFT_CLICK_BLOCK;Black___cat;DIM:0;1104;74;240;|;110;7;24
2019/10/6 下午 3:13;HARVEST_BLOCK;Black___cat;DIM:0;1104;74;240;|;110;7;24
2019/10/6 下午 3:13;LEFT_CLICK_BLOCK;Black___cat;DIM:0;1105;73;239;|;110;7;23
2019/10/6 下午 3:13;LEFT_CLICK_BLOCK;Black___cat;DIM:0;1105;74;240;|;110;7;24
2019/10/6 下午 3:13;HARVEST_BLOCK;Black___cat;DIM:0;1105;74;240;|;110;7;24
2019/10/6 下午 3:13;LEFT_CLICK_BLOCK;Black___cat;DIM:0;1105;73;239;|;110;7;23
2019/10/6 下午 3:13;LEFT_CLICK_BLOCK;Black___cat;DIM:0;1104;74;238;|;110;7;23
2019/10/6 下午 3:13;HARVEST_BLOCK;Black___cat;DIM:0;1104;74;238;|;110;7;23
2019/10/6 下午 3:13;LEFT_CLICK_BLOCK;Black___cat;DIM:0;1104;73;238;|;110;7;23
2019/10/6 下午 3:13;LEFT_CLICK_BLOCK;Black___cat;DIM:0;1105;73;238;|;110;7;23
2019/10/6 下午 3:13;LEFT_CLICK_BLOCK;Black___cat;DIM:0;1101;74;239;|;110;7;23
2019/10/6 下午 3:13;HARVEST_BLOCK;Black___cat;DIM:0;1101;74;239;|;110;7;23
2019/10/6 下午 3:13;LEFT_CLICK_BLOCK;Black___cat;DIM:0;1100;74;239;|;110;7;23
2019/10/6 下午 3:13;HARVEST_BLOCK;Black___cat;DIM:0;1100;74;239;|;110;7;23
2019/10/6 下午 3:13;LEFT_CLICK_BLOCK;Black___cat;DIM:0;1100;74;240;|;110;7;24
2019/10/6 下午 3:13;LEFT_CLICK_BLOCK;Black___cat;DIM:0;1101;74;240;|;110;7;24
2019/10/6 下午 3:13;LEFT_CLICK_BLOCK;Black___cat;DIM:0;1102;74;240;|;110;7;24
2019/10/6 下午 3:13;HARVEST_BLOCK;Black___cat;DIM:0;1102;74;240;|;110;7;24
2019/10/6 下午 3:13;LEFT_CLICK_BLOCK;Black___cat;DIM:0;1102;74;241;|;110;7;24
2019/10/6 下午 3:14;RIGHT_CLICK_BLOCK;Black___cat;DIM:0;1103;70;257;|;110;7;25
2019/10/6 下午 3:14;RIGHT_CLICK_BLOCK;Black___cat;DIM:0;1103;71;257;|;110;7;25
2019/10/6 下午 3:14;RIGHT_CLICK_BLOCK;Black___cat;DIM:0;1103;70;257;|;110;7;25
2019/10/6 下午 3:14;RIGHT_CLICK_BLOCK;Black___cat;DIM:0;1098;65;269;|;109;6;26
2019/10/6 下午 3:14;RIGHT_CLICK_BLOCK;Black___cat;DIM:0;1098;64;269;|;109;6;26
2019/10/6 下午 3:14;RIGHT_CLICK_BLOCK;Black___cat;DIM:0;1097;64;271;|;109;6;27
2019/10/6 下午 3:14;RIGHT_CLICK_BLOCK;Black___cat;DIM:0;1096;64;272;|;109;6;27
2019/10/6 下午 3:14;RIGHT_CLICK_BLOCK;Black___cat;DIM:0;1096;64;271;|;109;6;27
2019/10/6 下午 3:14;RIGHT_CLICK_BLOCK;Black___cat;DIM:0;1097;64;271;|;109;6;27
2019/10/6 下午 3:14;RIGHT_CLICK_BLOCK;Black___cat;DIM:0;1097;65;271;|;109;6;27
2019/10/6 下午 3:14;RIGHT_CLICK_BLOCK;Black___cat;DIM:0;1097;63;277;|;109;6;27
2019/10/6 下午 3:14;RIGHT_CLICK_BLOCK;Black___cat;DIM:0;1097;63;278;|;109;6;27
2019/10/6 下午 3:14;RIGHT_CLICK_BLOCK;Black___cat;DIM:0;1097;63;277;|;109;6;27
2019/10/6 下午 3:14;RIGHT_CLICK_BLOCK;Black___cat;DIM:0;1097;63;278;|;109;6;27
2019/10/6 下午 3:14;RIGHT_CLICK_BLOCK;Black___cat;DIM:0;1098;64;281;|;109;6;28
2019/10/6 下午 3:14;RIGHT_CLICK_BLOCK;Black___cat;DIM:0;1094;63;288;|;109;6;28
2019/10/6 下午 3:14;RIGHT_CLICK_BLOCK;Black___cat;DIM:0;1094;62;288;|;109;6;28
2019/10/6 下午 3:14;RIGHT_CLICK_BLOCK;Black___cat;DIM:0;1087;62;293;|;108;6;29
2019/10/6 下午 3:14;RIGHT_CLICK_BLOCK;Black___cat;DIM:0;1087;63;293;|;108;6;29
2019/10/6 下午 3:14;RIGHT_CLICK_BLOCK;Black___cat;DIM:0;1084;62;293;|;108;6;29
2019/10/6 下午 3:14;RIGHT_CLICK_BLOCK;Black___cat;DIM:0;1084;63;293;|;108;6;29
2019/10/6 下午 3:14;LEFT_CLICK_BLOCK;Black___cat;DIM:0;1080;62;292;|;108;6;29
2019/10/6 下午 3:14;HARVEST_BLOCK;Black___cat;DIM:0;1080;62;292;|;108;6;29
2019/10/6 下午 3:14;RIGHT_CLICK_BLOCK;Black___cat;DIM:0;1078;62;291;|;107;6;29
2019/10/6 下午 3:14;RIGHT_CLICK_BLOCK;Black___cat;DIM:0;1078;63;291;|;107;6;29
2019/10/6 下午 3:14;RIGHT_CLICK_BLOCK;Black___cat;DIM:0;1075;62;292;|;107;6;29
2019/10/6 下午 3:14;RIGHT_CLICK_BLOCK;Black___cat;DIM:0;1074;63;292;|;107;6;29
2019/10/6 下午 3:14;RIGHT_CLICK_BLOCK;Black___cat;DIM:0;1074;62;292;|;107;6;29
2019/10/6 下午 3:14;LEFT_CLICK_BLOCK;Black___cat;DIM:0;1072;62;296;|;107;6;29
2019/10/6 下午 3:14;HARVEST_BLOCK;Black___cat;DIM:0;1072;62;296;|;107;6;29
2019/10/6 下午 3:14;LEFT_CLICK_BLOCK;Black___cat;DIM:0;1072;61;296;|;107;6;29
2019/10/6 下午 3:14;RIGHT_CLICK_BLOCK;Black___cat;DIM:0;1077;62;296;|;107;6;29
2019/10/6 下午 3:14;RIGHT_CLICK_BLOCK;Black___cat;DIM:0;1078;62;296;|;107;6;29
2019/10/6 下午 3:14;RIGHT_CLICK_BLOCK;Black___cat;DIM:0;1077;62;296;|;107;6;29
2019/10/6 下午 3:14;RIGHT_CLICK_BLOCK;Black___cat;DIM:0;1077;63;296;|;107;6;29
2019/10/6 下午 3:14;RIGHT_CLICK_BLOCK;Black___cat;DIM:0;1080;62;299;|;108;6;29
2019/10/6 下午 3:14;RIGHT_CLICK_BLOCK;Black___cat;DIM:0;1081;62;294;|;108;6;29
2019/10/6 下午 3:14;RIGHT_CLICK_BLOCK;Black___cat;DIM:0;1079;62;295;|;107;6;29
2019/10/6 下午 3:14;RIGHT_CLICK_BLOCK;Black___cat;DIM:0;1071;63;289;|;107;6;28
2019/10/6 下午 3:14;RIGHT_CLICK_BLOCK;Black___cat;DIM:0;1071;62;288;|;107;6;28
2019/10/6 下午 3:14;LEFT_CLICK_BLOCK;Black___cat;DIM:0;1070;63;287;|;107;6;28
2019/10/6 下午 3:14;HARVEST_BLOCK;Black___cat;DIM:0;1070;63;287;|;107;6;28
2019/10/6 下午 3:14;LEFT_CLICK_BLOCK;Black___cat;DIM:0;1068;64;285;|;106;6;28
2019/10/6 下午 3:14;HARVEST_BLOCK;Black___cat;DIM:0;1068;64;285;|;106;6;28
2019/10/6 下午 3:14;LEFT_CLICK_BLOCK;Black___cat;DIM:0;1068;63;285;|;106;6;28
2019/10/6 下午 3:14;HARVEST_BLOCK;Black___cat;DIM:0;1068;63;285;|;106;6;28
2019/10/6 下午 3:14;LEFT_CLICK_BLOCK;Black___cat;DIM:0;1067;63;284;|;106;6;28
2019/10/6 下午 3:14;HARVEST_BLOCK;Black___cat;DIM:0;1067;63;284;|;106;6;28
2019/10/6 下午 3:14;LEFT_CLICK_BLOCK;Black___cat;DIM:0;1067;62;284;|;106;6;28
2019/10/6 下午 3:14;LEFT_CLICK_BLOCK;Black___cat;DIM:0;1068;63;284;|;106;6;28
2019/10/6 下午 3:14;HARVEST_BLOCK;Black___cat;DIM:0;1068;63;284;|;106;6;28
2019/10/6 下午 3:14;LEFT_CLICK_BLOCK;Black___cat;DIM:0;1068;62;284;|;106;6;28
2019/10/6 下午 3:14;LEFT_CLICK_BLOCK;Black___cat;DIM:0;1065;63;285;|;106;6;28
2019/10/6 下午 3:14;HARVEST_BLOCK;Black___cat;DIM:0;1065;63;285;|;106;6;28
2019/10/6 下午 3:14;LEFT_CLICK_BLOCK;Black___cat;DIM:0;1063;61;286;|;106;6;28
2019/10/6 下午 3:14;LEFT_CLICK_BLOCK;Black___cat;DIM:0;1055;63;285;|;105;6;28
2019/10/6 下午 3:14;HARVEST_BLOCK;Black___cat;DIM:0;1055;63;285;|;105;6;28
2019/10/6 下午 3:14;LEFT_CLICK_BLOCK;Black___cat;DIM:0;1054;63;285;|;105;6;28
2019/10/6 下午 3:14;HARVEST_BLOCK;Black___cat;DIM:0;1054;63;285;|;105;6;28
2019/10/6 下午 3:14;LEFT_CLICK_BLOCK;Black___cat;DIM:0;1053;63;285;|;105;6;28
2019/10/6 下午 3:14;HARVEST_BLOCK;Black___cat;DIM:0;1053;63;285;|;105;6;28
2019/10/6 下午 3:15;LEFT_CLICK_BLOCK;Black___cat;DIM:0;1057;61;286;|;105;6;28
2019/10/6 下午 3:15;HARVEST_BLOCK;Black___cat;DIM:0;1057;61;286;|;105;6;28
2019/10/6 下午 3:15;LEFT_CLICK_BLOCK;Black___cat;DIM:0;1058;61;289;|;105;6;28
2019/10/6 下午 3:15;HARVEST_BLOCK;Black___cat;DIM:0;1058;61;289;|;105;6;28
2019/10/6 下午 3:15;LEFT_CLICK_BLOCK;Black___cat;DIM:0;1058;61;290;|;105;6;29
2019/10/6 下午 3:15;HARVEST_BLOCK;Black___cat;DIM:0;1058;61;290;|;105;6;29
2019/10/6 下午 3:15;LEFT_CLICK_BLOCK;Black___cat;DIM:0;1057;61;290;|;105;6;29
2019/10/6 下午 3:15;HARVEST_BLOCK;Black___cat;DIM:0;1057;61;290;|;105;6;29
2019/10/6 下午 3:15;LEFT_CLICK_BLOCK;Black___cat;DIM:0;1056;61;290;|;105;6;29
2019/10/6 下午 3:15;HARVEST_BLOCK;Black___cat;DIM:0;1056;61;290;|;105;6;29
2019/10/6 下午 3:15;LEFT_CLICK_BLOCK;Black___cat;DIM:0;1056;61;289;|;105;6;28
2019/10/6 下午 3:15;HARVEST_BLOCK;Black___cat;DIM:0;1056;61;289;|;105;6;28
2019/10/6 下午 3:15;LEFT_CLICK_BLOCK;Black___cat;DIM:0;1055;61;290;|;105;6;29
2019/10/6 下午 3:15;HARVEST_BLOCK;Black___cat;DIM:0;1055;61;290;|;105;6;29
2019/10/6 下午 3:15;LEFT_CLICK_BLOCK;Black___cat;DIM:0;1056;61;291;|;105;6;29
2019/10/6 下午 3:15;HARVEST_BLOCK;Black___cat;DIM:0;1056;61;291;|;105;6;29
2019/10/6 下午 3:15;LEFT_CLICK_BLOCK;Black___cat;DIM:0;1055;61;291;|;105;6;29
2019/10/6 下午 3:15;HARVEST_BLOCK;Black___cat;DIM:0;1055;61;291;|;105;6;29
2019/10/6 下午 3:15;LEFT_CLICK_BLOCK;Black___cat;DIM:0;1057;61;291;|;105;6;29
2019/10/6 下午 3:15;HARVEST_BLOCK;Black___cat;DIM:0;1057;61;291;|;105;6;29
2019/10/6 下午 3:15;LEFT_CLICK_BLOCK;Black___cat;DIM:0;1058;61;291;|;105;6;29
2019/10/6 下午 3:15;HARVEST_BLOCK;Black___cat;DIM:0;1058;61;291;|;105;6;29
2019/10/6 下午 3:15;LEFT_CLICK_BLOCK;Black___cat;DIM:0;1058;61;292;|;105;6;29
2019/10/6 下午 3:15;HARVEST_BLOCK;Black___cat;DIM:0;1058;61;292;|;105;6;29
2019/10/6 下午 3:15;LEFT_CLICK_BLOCK;Black___cat;DIM:0;1059;61;292;|;105;6;29
2019/10/6 下午 3:15;HARVEST_BLOCK;Black___cat;DIM:0;1059;61;292;|;105;6;29
2019/10/6 下午 3:15;LEFT_CLICK_BLOCK;Black___cat;DIM:0;1058;61;293;|;105;6;29
2019/10/6 下午 3:15;HARVEST_BLOCK;Black___cat;DIM:0;1058;61;293;|;105;6;29
2019/10/6 下午 3:15;LEFT_CLICK_BLOCK;Black___cat;DIM:0;1058;61;294;|;105;6;29
2019/10/6 下午 3:15;HARVEST_BLOCK;Black___cat;DIM:0;1058;61;294;|;105;6;29
2019/10/6 下午 3:15;LEFT_CLICK_BLOCK;Black___cat;DIM:0;1057;61;292;|;105;6;29
2019/10/6 下午 3:15;HARVEST_BLOCK;Black___cat;DIM:0;1057;61;292;|;105;6;29
2019/10/6 下午 3:15;LEFT_CLICK_BLOCK;Black___cat;DIM:0;1054;61;290;|;105;6;29
2019/10/6 下午 3:15;HARVEST_BLOCK;Black___cat;DIM:0;1054;61;290;|;105;6;29
2019/10/6 下午 3:15;LEFT_CLICK_BLOCK;Black___cat;DIM:0;1054;60;290;|;105;6;29
2019/10/6 下午 3:16;RIGHT_CLICK_BLOCK;Black___cat;DIM:0;1032;62;295;|;103;6;29
2019/10/6 下午 3:16;RIGHT_CLICK_BLOCK;Black___cat;DIM:0;1032;63;295;|;103;6;29
2019/10/6 下午 3:16;RIGHT_CLICK_BLOCK;Black___cat;DIM:0;1042;68;273;|;104;6;27
2019/10/6 下午 3:16;RIGHT_CLICK_BLOCK;Black___cat;DIM:0;1063;69;236;|;106;6;23
2019/10/6 下午 3:16;RIGHT_CLICK_BLOCK;Black___cat;DIM:0;1063;69;237;|;106;6;23
2019/10/6 下午 3:16;RIGHT_CLICK_BLOCK;Black___cat;DIM:0;1063;70;237;|;106;7;23
2019/10/6 下午 3:16;RIGHT_CLICK_BLOCK;Black___cat;DIM:0;1064;69;233;|;106;6;23
2019/10/6 下午 3:16;RIGHT_CLICK_BLOCK;Black___cat;DIM:0;1064;70;232;|;106;7;23
2019/10/6 下午 3:16;RIGHT_CLICK_BLOCK;Black___cat;DIM:0;1068;69;225;|;106;6;22
2019/10/6 下午 3:16;RIGHT_CLICK_BLOCK;Black___cat;DIM:0;1068;70;225;|;106;7;22
2019/10/6 下午 3:16;RIGHT_CLICK_BLOCK;Black___cat;DIM:0;1074;70;226;|;107;7;22
2019/10/6 下午 3:16;RIGHT_CLICK_BLOCK;Black___cat;DIM:0;1073;71;226;|;107;7;22
2019/10/6 下午 3:16;RIGHT_CLICK_BLOCK;Black___cat;DIM:0;1073;70;226;|;107;7;22
2019/10/6 下午 3:16;RIGHT_CLICK_BLOCK;Black___cat;DIM:0;1080;72;226;|;108;7;22
2019/10/6 下午 3:16;RIGHT_CLICK_BLOCK;Black___cat;DIM:0;1081;72;224;|;108;7;22
2019/10/6 下午 3:16;RIGHT_CLICK_BLOCK;Black___cat;DIM:0;1081;72;223;|;108;7;22
2019/10/6 下午 3:16;RIGHT_CLICK_BLOCK;Black___cat;DIM:0;1081;73;223;|;108;7;22
2019/10/6 下午 3:16;LEFT_CLICK_BLOCK;Black___cat;DIM:0;1081;73;223;|;108;7;22
2019/10/6 下午 3:17;HARVEST_BLOCK;Black___cat;DIM:0;1081;73;223;|;108;7;22
2019/10/6 下午 3:17;LEFT_CLICK_BLOCK;Black___cat;DIM:0;1081;72;222;|;108;7;22
2019/10/6 下午 3:17;RIGHT_CLICK_BLOCK;Black___cat;DIM:0;1093;74;218;|;109;7;21
2019/10/6 下午 3:17;RIGHT_CLICK_BLOCK;Black___cat;DIM:0;1093;75;218;|;109;7;21
2019/10/6 下午 3:17;RIGHT_CLICK_BLOCK;Black___cat;DIM:0;1109;72;216;|;110;7;21
2019/10/6 下午 3:17;RIGHT_CLICK_BLOCK;Black___cat;DIM:0;1110;71;216;|;111;7;21
2019/10/6 下午 3:17;RIGHT_CLICK_BLOCK;Black___cat;DIM:0;1110;72;216;|;111;7;21
2019/10/6 下午 3:17;RIGHT_CLICK_BLOCK;Black___cat;DIM:0;1112;72;216;|;111;7;21
2019/10/6 下午 3:17;RIGHT_CLICK_BLOCK;Black___cat;DIM:0;1113;72;217;|;111;7;21
2019/10/6 下午 3:17;RIGHT_CLICK_BLOCK;Black___cat;DIM:0;1113;72;218;|;111;7;21
2019/10/6 下午 3:17;RIGHT_CLICK_BLOCK;Black___cat;DIM:0;1113;72;219;|;111;7;21
2019/10/6 下午 3:17;RIGHT_CLICK_BLOCK;Black___cat;DIM:0;1113;72;220;|;111;7;22
2019/10/6 下午 3:17;RIGHT_CLICK_BLOCK;Black___cat;DIM:0;1110;71;217;|;111;7;21
2019/10/6 下午 3:17;RIGHT_CLICK_BLOCK;Black___cat;DIM:0;1110;71;216;|;111;7;21
2019/10/6 下午 3:17;RIGHT_CLICK_BLOCK;Black___cat;DIM:0;1110;72;217;|;111;7;21
2019/10/6 下午 3:18;RIGHT_CLICK_BLOCK;Black___cat;DIM:0;1131;70;227;|;113;7;22
2019/10/6 下午 3:18;RIGHT_CLICK_BLOCK;Black___cat;DIM:0;1132;70;227;|;113;7;22
2019/10/6 下午 3:18;RIGHT_CLICK_BLOCK;Black___cat;DIM:0;1133;70;227;|;113;7;22
2019/10/6 下午 3:18;RIGHT_CLICK_BLOCK;Black___cat;DIM:0;1134;70;227;|;113;7;22
2019/10/6 下午 3:18;RIGHT_CLICK_BLOCK;Black___cat;DIM:0;1134;70;228;|;113;7;22
2019/10/6 下午 3:18;RIGHT_CLICK_BLOCK;Black___cat;DIM:0;1135;70;227;|;113;7;22
2019/10/6 下午 3:18;LEFT_CLICK_BLOCK;Black___cat;DIM:0;1139;69;228;|;113;6;22
2019/10/6 下午 3:18;HARVEST_BLOCK;Black___cat;DIM:0;1139;69;228;|;113;6;22
2019/10/6 下午 3:18;LEFT_CLICK_BLOCK;Black___cat;DIM:0;1139;68;228;|;113;6;22
2019/10/6 下午 3:18;HARVEST_BLOCK;Black___cat;DIM:0;1139;68;228;|;113;6;22
2019/10/6 下午 3:18;LEFT_CLICK_BLOCK;Black___cat;DIM:0;1139;68;229;|;113;6;22
2019/10/6 下午 3:18;HARVEST_BLOCK;Black___cat;DIM:0;1139;68;229;|;113;6;22
2019/10/6 下午 3:18;LEFT_CLICK_BLOCK;Black___cat;DIM:0;1139;67;229;|;113;6;22
2019/10/6 下午 3:18;LEFT_CLICK_BLOCK;Black___cat;DIM:0;1139;69;229;|;113;6;22
2019/10/6 下午 3:18;LEFT_CLICK_BLOCK;Black___cat;DIM:0;1139;67;229;|;113;6;22
2019/10/6 下午 3:18;LEFT_CLICK_BLOCK;Black___cat;DIM:0;1139;69;229;|;113;6;22
2019/10/6 下午 3:18;HARVEST_BLOCK;Black___cat;DIM:0;1139;69;229;|;113;6;22
2019/10/6 下午 3:18;LEFT_CLICK_BLOCK;Black___cat;DIM:0;1139;67;229;|;113;6;22
2019/10/6 下午 3:18;HARVEST_BLOCK;Black___cat;DIM:0;1139;67;229;|;113;6;22
2019/10/6 下午 3:18;LEFT_CLICK_BLOCK;Black___cat;DIM:0;1139;68;230;|;113;6;23
2019/10/6 下午 3:18;HARVEST_BLOCK;Black___cat;DIM:0;1139;68;230;|;113;6;23
2019/10/6 下午 3:18;LEFT_CLICK_BLOCK;Black___cat;DIM:0;1139;67;230;|;113;6;23
2019/10/6 下午 3:18;HARVEST_BLOCK;Black___cat;DIM:0;1139;67;230;|;113;6;23
2019/10/6 下午 3:18;LEFT_CLICK_BLOCK;Black___cat;DIM:0;1139;66;230;|;113;6;23
2019/10/6 下午 3:18;HARVEST_BLOCK;Black___cat;DIM:0;1139;66;230;|;113;6;23
2019/10/6 下午 3:18;LEFT_CLICK_BLOCK;Black___cat;DIM:0;1139;65;230;|;113;6;23
2019/10/6 下午 3:18;LEFT_CLICK_BLOCK;Black___cat;DIM:0;1180;63;220;|;118;6;22
2019/10/6 下午 3:18;HARVEST_BLOCK;Black___cat;DIM:0;1180;63;220;|;118;6;22
2019/10/6 下午 3:18;LEFT_CLICK_BLOCK;Black___cat;DIM:0;1181;63;220;|;118;6;22
2019/10/6 下午 3:18;LEFT_CLICK_BLOCK;Black___cat;DIM:0;1180;63;220;|;118;6;22
2019/10/6 下午 3:18;LEFT_CLICK_BLOCK;Black___cat;DIM:0;1181;63;220;|;118;6;22
2019/10/6 下午 3:18;HARVEST_BLOCK;Black___cat;DIM:0;1181;63;220;|;118;6;22
2019/10/6 下午 3:19;LEFT_CLICK_BLOCK;Black___cat;DIM:0;1183;62;224;|;118;6;22
2019/10/6 下午 3:19;HARVEST_BLOCK;Black___cat;DIM:0;1183;62;224;|;118;6;22
2019/10/6 下午 3:19;LEFT_CLICK_BLOCK;Black___cat;DIM:0;1183;62;225;|;118;6;22
2019/10/6 下午 3:19;HARVEST_BLOCK;Black___cat;DIM:0;1183;62;225;|;118;6;22
2019/10/6 下午 3:19;LEFT_CLICK_BLOCK;Black___cat;DIM:0;1184;62;225;|;118;6;22
2019/10/6 下午 3:19;HARVEST_BLOCK;Black___cat;DIM:0;1184;62;225;|;118;6;22
2019/10/6 下午 3:19;LEFT_CLICK_BLOCK;Black___cat;DIM:0;1185;62;225;|;118;6;22
2019/10/6 下午 3:19;HARVEST_BLOCK;Black___cat;DIM:0;1185;62;225;|;118;6;22
2019/10/6 下午 3:19;LEFT_CLICK_BLOCK;Black___cat;DIM:0;1184;61;225;|;118;6;22
2019/10/6 下午 3:19;HARVEST_BLOCK;Black___cat;DIM:0;1184;61;225;|;118;6;22
2019/10/6 下午 3:19;LEFT_CLICK_BLOCK;Black___cat;DIM:0;1182;62;226;|;118;6;22
2019/10/6 下午 3:19;HARVEST_BLOCK;Black___cat;DIM:0;1182;62;226;|;118;6;22
2019/10/6 下午 3:19;LEFT_CLICK_BLOCK;Black___cat;DIM:0;1182;62;227;|;118;6;22
2019/10/6 下午 3:19;HARVEST_BLOCK;Black___cat;DIM:0;1182;62;227;|;118;6;22
2019/10/6 下午 3:19;RIGHT_CLICK_BLOCK;Black___cat;DIM:0;1135;69;229;|;113;6;22
2019/10/6 下午 3:19;RIGHT_CLICK_BLOCK;Black___cat;DIM:0;1134;70;229;|;113;7;22
2019/10/6 下午 3:19;RIGHT_CLICK_BLOCK;Black___cat;DIM:0;1130;69;227;|;113;6;22
2019/10/6 下午 3:19;RIGHT_CLICK_BLOCK;Black___cat;DIM:0;1130;70;227;|;113;7;22
2019/10/6 下午 3:19;RIGHT_CLICK_BLOCK;Black___cat;DIM:0;1110;72;217;|;111;7;21
2019/10/6 下午 3:19;LEFT_CLICK_BLOCK;Black___cat;DIM:0;1110;72;217;|;111;7;21
2019/10/6 下午 3:19;RIGHT_CLICK_BLOCK;Black___cat;DIM:0;1110;70;218;|;111;7;21
2019/10/6 下午 3:19;RIGHT_CLICK_BLOCK;Black___cat;DIM:0;1110;71;218;|;111;7;21
2019/10/6 下午 3:19;RIGHT_CLICK_BLOCK;Black___cat;DIM:0;1110;71;218;|;111;7;21
2019/10/6 下午 3:20;LEFT_CLICK_BLOCK;Black___cat;DIM:0;1110;71;218;|;111;7;21
2019/10/6 下午 3:20;LEFT_CLICK_BLOCK;Black___cat;DIM:0;1110;71;218;|;111;7;21
2019/10/6 下午 3:20;HARVEST_BLOCK;Black___cat;DIM:0;1110;71;218;|;111;7;21
2019/10/6 下午 3:20;LEFT_CLICK_BLOCK;Black___cat;DIM:0;1110;70;218;|;111;7;21
2019/10/6 下午 3:20;LEFT_CLICK_BLOCK;Black___cat;DIM:0;1110;72;217;|;111;7;21
2019/10/6 下午 3:20;HARVEST_BLOCK;Black___cat;DIM:0;1110;72;217;|;111;7;21
2019/10/6 下午 3:20;LEFT_CLICK_BLOCK;Black___cat;DIM:0;1110;72;216;|;111;7;21
2019/10/6 下午 3:21;HARVEST_BLOCK;Black___cat;DIM:0;1110;72;216;|;111;7;21
2019/10/6 下午 3:21;LEFT_CLICK_BLOCK;Black___cat;DIM:0;1111;71;216;|;111;7;21
2019/10/6 下午 3:21;RIGHT_CLICK_BLOCK;Black___cat;DIM:0;1106;71;221;|;110;7;22
2019/10/6 下午 3:21;RIGHT_CLICK_BLOCK;Black___cat;DIM:0;1088;76;229;|;108;7;22
2019/10/6 下午 3:21;RIGHT_CLICK_BLOCK;Black___cat;DIM:0;1088;76;230;|;108;7;23
2019/10/6 下午 3:21;RIGHT_CLICK_BLOCK;Black___cat;DIM:0;1084;76;248;|;108;7;24
2019/10/6 下午 3:21;RIGHT_CLICK_BLOCK;Black___cat;DIM:0;1085;76;248;|;108;7;24
2019/10/6 下午 3:21;RIGHT_CLICK_BLOCK;Black___cat;DIM:0;1084;76;248;|;108;7;24
2019/10/6 下午 3:21;RIGHT_CLICK_BLOCK;Black___cat;DIM:0;1085;76;248;|;108;7;24
2019/10/6 下午 3:21;RIGHT_CLICK_BLOCK;Black___cat;DIM:0;1085;75;253;|;108;7;25
2019/10/6 下午 3:21;RIGHT_CLICK_BLOCK;Black___cat;DIM:0;1085;76;254;|;108;7;25
2019/10/6 下午 3:21;RIGHT_CLICK_BLOCK;Black___cat;DIM:0;1038;68;263;|;103;6;26
2019/10/6 下午 3:21;RIGHT_CLICK_BLOCK;Black___cat;DIM:0;1037;68;263;|;103;6;26
2019/10/6 下午 3:21;RIGHT_CLICK_BLOCK;Black___cat;DIM:0;1036;68;263;|;103;6;26
2019/10/6 下午 3:21;RIGHT_CLICK_BLOCK;Black___cat;DIM:0;1035;68;263;|;103;6;26
2019/10/6 下午 3:22;RIGHT_CLICK_BLOCK;Black___cat;DIM:0;1030;65;275;|;103;6;27
2019/10/6 下午 3:22;RIGHT_CLICK_BLOCK;Black___cat;DIM:0;1029;65;275;|;102;6;27
2019/10/6 下午 3:22;RIGHT_CLICK_BLOCK;Black___cat;DIM:0;1026;67;280;|;102;6;28
2019/10/6 下午 3:22;RIGHT_CLICK_BLOCK;Black___cat;DIM:0;1025;68;280;|;102;6;28
2019/10/6 下午 3:22;LEFT_CLICK_BLOCK;Black___cat;DIM:0;1026;68;280;|;102;6;28
2019/10/6 下午 3:22;HARVEST_BLOCK;Black___cat;DIM:0;1026;68;280;|;102;6;28
2019/10/6 下午 3:22;LEFT_CLICK_BLOCK;Black___cat;DIM:0;1026;67;280;|;102;6;28
2019/10/6 下午 3:22;RIGHT_CLICK_BLOCK;Black___cat;DIM:0;1029;64;287;|;102;6;28
2019/10/6 下午 3:22;RIGHT_CLICK_BLOCK;Black___cat;DIM:0;1029;64;286;|;102;6;28
2019/10/6 下午 3:22;RIGHT_CLICK_BLOCK;Black___cat;DIM:0;1023;63;300;|;102;6;30
2019/10/6 下午 3:22;RIGHT_CLICK_BLOCK;Black___cat;DIM:0;1019;63;309;|;101;6;30
2019/10/6 下午 3:22;LEFT_CLICK_BLOCK;Black___cat;DIM:0;1012;67;316;|;101;6;31
2019/10/6 下午 3:22;HARVEST_BLOCK;Black___cat;DIM:0;1012;67;316;|;101;6;31
2019/10/6 下午 3:23;LEFT_CLICK_BLOCK;Black___cat;DIM:0;999;74;319;|;99;7;31
