2019/10/6 下午 7:47;RIGHT_CLICK_BLOCK;Black___cat;DIM:0;-313;65;-1069;|;-31;6;-106
2019/10/6 下午 7:47;RIGHT_CLICK_BLOCK;Black___cat;DIM:0;-313;65;-1069;|;-31;6;-106
2019/10/6 下午 7:47;RIGHT_CLICK_BLOCK;Black___cat;DIM:0;-313;64;-1072;|;-31;6;-107
2019/10/6 下午 7:47;RIGHT_CLICK_BLOCK;Black___cat;DIM:0;-313;65;-1069;|;-31;6;-106
2019/10/6 下午 7:48;LEFT_CLICK_BLOCK;Black___cat;DIM:0;-323;66;-1083;|;-32;6;-108
2019/10/6 下午 7:48;RIGHT_CLICK_BLOCK;Black___cat;DIM:0;-325;62;-1083;|;-32;6;-108
2019/10/6 下午 7:48;RIGHT_CLICK_BLOCK;Black___cat;DIM:0;-325;62;-1085;|;-32;6;-108
2019/10/6 下午 7:48;RIGHT_CLICK_BLOCK;Black___cat;DIM:0;-324;62;-1085;|;-32;6;-108
2019/10/6 下午 7:48;RIGHT_CLICK_BLOCK;Black___cat;DIM:0;-323;61;-1083;|;-32;6;-108
2019/10/6 下午 7:48;RIGHT_CLICK_BLOCK;Black___cat;DIM:0;-327;63;-1083;|;-32;6;-108
2019/10/6 下午 7:48;RIGHT_CLICK_BLOCK;Black___cat;DIM:0;-326;63;-1085;|;-32;6;-108
2019/10/6 下午 7:48;RIGHT_CLICK_BLOCK;Black___cat;DIM:0;-324;62;-1081;|;-32;6;-108
2019/10/6 下午 7:48;RIGHT_CLICK_BLOCK;Black___cat;DIM:0;-322;63;-1081;|;-32;6;-108
2019/10/6 下午 7:48;RIGHT_CLICK_BLOCK;Black___cat;DIM:0;-322;64;-1081;|;-32;6;-108
2019/10/6 下午 7:48;RIGHT_CLICK_BLOCK;Black___cat;DIM:0;-323;64;-1081;|;-32;6;-108
2019/10/6 下午 7:48;RIGHT_CLICK_BLOCK;Black___cat;DIM:0;-325;63;-1081;|;-32;6;-108
2019/10/6 下午 7:48;RIGHT_CLICK_BLOCK;Black___cat;DIM:0;-322;62;-1082;|;-32;6;-108
2019/10/6 下午 7:48;RIGHT_CLICK_BLOCK;Black___cat;DIM:0;-323;62;-1082;|;-32;6;-108
2019/10/6 下午 7:48;RIGHT_CLICK_BLOCK;Black___cat;DIM:0;-324;62;-1082;|;-32;6;-108
2019/10/6 下午 7:48;RIGHT_CLICK_BLOCK;Black___cat;DIM:0;-325;62;-1082;|;-32;6;-108
2019/10/6 下午 7:48;RIGHT_CLICK_BLOCK;Black___cat;DIM:0;-324;62;-1083;|;-32;6;-108
2019/10/6 下午 7:48;RIGHT_CLICK_BLOCK;Black___cat;DIM:0;-325;62;-1083;|;-32;6;-108
2019/10/6 下午 7:48;RIGHT_CLICK_BLOCK;Black___cat;DIM:0;-325;62;-1084;|;-32;6;-108
2019/10/6 下午 7:48;RIGHT_CLICK_BLOCK;Black___cat;DIM:0;-324;62;-1084;|;-32;6;-108
2019/10/6 下午 7:48;RIGHT_CLICK_BLOCK;Black___cat;DIM:0;-322;62;-1084;|;-32;6;-108
2019/10/6 下午 7:48;RIGHT_CLICK_BLOCK;Black___cat;DIM:0;-322;62;-1083;|;-32;6;-108
