2019/10/6 下午 7:26;RIGHT_CLICK_BLOCK;Black___cat;DIM:0;-308;65;-1073;|;-30;6;-107
2019/10/6 下午 7:27;RIGHT_CLICK_BLOCK;Black___cat;DIM:0;-314;63;-1065;|;-31;6;-106
2019/10/6 下午 7:27;RIGHT_CLICK_BLOCK;Black___cat;DIM:0;-313;61;-1065;|;-31;6;-106
2019/10/6 下午 7:27;RIGHT_CLICK_BLOCK;Black___cat;DIM:0;-315;63;-1067;|;-31;6;-106
2019/10/6 下午 7:27;RIGHT_CLICK_BLOCK;Black___cat;DIM:0;-316;64;-1067;|;-31;6;-106
2019/10/6 下午 7:27;RIGHT_CLICK_BLOCK;Black___cat;DIM:0;-319;65;-1078;|;-31;6;-107
2019/10/6 下午 7:27;RIGHT_CLICK_BLOCK;Black___cat;DIM:0;-319;66;-1079;|;-31;6;-107
2019/10/6 下午 7:27;RIGHT_CLICK_BLOCK;Black___cat;DIM:0;-320;66;-1081;|;-32;6;-108
2019/10/6 下午 7:27;RIGHT_CLICK_BLOCK;Black___cat;DIM:0;-320;66;-1081;|;-32;6;-108
2019/10/6 下午 7:27;RIGHT_CLICK_BLOCK;Black___cat;DIM:0;-311;61;-1066;|;-31;6;-106
2019/10/6 下午 7:27;RIGHT_CLICK_BLOCK;Black___cat;DIM:0;-312;61;-1065;|;-31;6;-106
2019/10/6 下午 7:28;RIGHT_CLICK_BLOCK;Black___cat;DIM:0;-311;61;-1064;|;-31;6;-106
2019/10/6 下午 7:28;LEFT_CLICK_BLOCK;Black___cat;DIM:0;-311;62;-1064;|;-31;6;-106
2019/10/6 下午 7:28;HARVEST_BLOCK;Black___cat;DIM:0;-311;62;-1064;|;-31;6;-106
2019/10/6 下午 7:28;LEFT_CLICK_BLOCK;Black___cat;DIM:0;-310;61;-1064;|;-31;6;-106
2019/10/6 下午 7:28;RIGHT_CLICK_BLOCK;Black___cat;DIM:0;-313;65;-1069;|;-31;6;-106
2019/10/6 下午 7:31;RIGHT_CLICK_BLOCK;Black___cat;DIM:0;-313;65;-1069;|;-31;6;-106
2019/10/6 下午 7:32;RIGHT_CLICK_BLOCK;Black___cat;DIM:0;-314;66;-1083;|;-31;6;-108
2019/10/6 下午 7:32;RIGHT_CLICK_BLOCK;Black___cat;DIM:0;-315;66;-1079;|;-31;6;-107
2019/10/6 下午 7:32;LEFT_CLICK_BLOCK;Black___cat;DIM:0;-315;66;-1080;|;-31;6;-108
2019/10/6 下午 7:32;HARVEST_BLOCK;Black___cat;DIM:0;-315;66;-1080;|;-31;6;-108
2019/10/6 下午 7:32;LEFT_CLICK_BLOCK;Black___cat;DIM:0;-315;66;-1079;|;-31;6;-107
2019/10/6 下午 7:32;LEFT_CLICK_BLOCK;Black___cat;DIM:0;-315;65;-1080;|;-31;6;-108
2019/10/6 下午 7:33;RIGHT_CLICK_BLOCK;Black___cat;DIM:0;-313;65;-1069;|;-31;6;-106
2019/10/6 下午 7:37;RIGHT_CLICK_BLOCK;Black___cat;DIM:0;-313;65;-1069;|;-31;6;-106
2019/10/6 下午 7:37;RIGHT_CLICK_BLOCK;Black___cat;DIM:0;-313;65;-1069;|;-31;6;-106
2019/10/6 下午 7:39;RIGHT_CLICK_BLOCK;Black___cat;DIM:0;-313;65;-1069;|;-31;6;-106
2019/10/6 下午 7:39;RIGHT_CLICK_BLOCK;Black___cat;DIM:0;-315;64;-1069;|;-31;6;-106
2019/10/6 下午 7:39;RIGHT_CLICK_BLOCK;Black___cat;DIM:0;-319;66;-1079;|;-31;6;-107
2019/10/6 下午 7:40;RIGHT_CLICK_BLOCK;Black___cat;DIM:0;-319;66;-1081;|;-31;6;-108
2019/10/6 下午 7:40;LEFT_CLICK_BLOCK;Black___cat;DIM:0;-319;68;-1083;|;-31;6;-108
2019/10/6 下午 7:40;RIGHT_CLICK_BLOCK;Black___cat;DIM:0;-313;65;-1069;|;-31;6;-106
